<?xml version="1.0" encoding="UTF-8"?>
<testsuite xmlns:xsi="http://www.w3.org/2001/XMLSchema-instance" xsi:noNamespaceSchemaLocation="https://maven.apache.org/surefire/maven-surefire-plugin/xsd/surefire-test-report-3.0.xsd" version="3.0" name="TestSuite" time="190.278" tests="27" errors="0" skipped="0" failures="0">
  <properties>
[...]
</properties>
  <testcase name="runScenario[&quot;Verify login with multiple credential combinations&quot;, &quot;Login Functionality&quot;](1)" classname="runners.TestRunner" time="8.856">
    <system-out><![CDATA[
Scenario Outline: Verify login with multiple credential combinations   # src/test/resources/features/Login.feature:10
  ✔ Given user is on login page                                        # stepdefinitions.LoginTest.user_is_on_login_page()
  ✔ When user enters username "${username}" and password "${password}" # stepdefinitions.LoginTest.user_enters_username_and_password(java.lang.String,java.lang.String)
  ✔ Then "success" should be displayed                                 # stepdefinitions.LoginTest.result_should_be_displayed(java.lang.String)
]]></system-out>
    <system-err><![CDATA[[main] INFO org.testng.internal.Utils - [XmlSuite] [WARN] 'parallel' value 'false' is no longer valid, defaulting to 'none'.
[main] INFO io.github.bonigarcia.wdm.WebDriverManager - Using chromedriver 144.0.7559.133 (resolved driver for Chrome 144)
[main] INFO io.github.bonigarcia.wdm.WebDriverManager - Exporting webdriver.chrome.driver as C:\Users\HP\.cache\selenium\chromedriver\win64\144.0.7559.133\chromedriver.exe
]]></system-err>
  </testcase>
  <testcase name="runScenario[&quot;Verify login with multiple credential combinations&quot;, &quot;Login Functionality&quot;](2)" classname="runners.TestRunner" time="5.466">
    <system-out><![CDATA[
Scenario Outline: Verify login with multiple credential combinations   # src/test/resources/features/Login.feature:11
  ✔ Given user is on login page                                        # stepdefinitions.LoginTest.user_is_on_login_page()
  ✔ When user enters username "invalidUser" and password "${password}" # stepdefinitions.LoginTest.user_enters_username_and_password(java.lang.String,java.lang.String)
  ✔ Then "error" should be displayed                                   # stepdefinitions.LoginTest.result_should_be_displayed(java.lang.String)
]]></system-out>
    <system-err><![CDATA[[main] INFO io.github.bonigarcia.wdm.WebDriverManager - Using chromedriver 144.0.7559.133 (resolved driver for Chrome 144)
[main] INFO io.github.bonigarcia.wdm.WebDriverManager - Exporting webdriver.chrome.driver as C:\Users\HP\.cache\selenium\chromedriver\win64\144.0.7559.133\chromedriver.exe
]]></system-err>
  </testcase>
  <testcase name="runScenario[&quot;Verify login with multiple credential combinations&quot;, &quot;Login Functionality&quot;](3)" classname="runners.TestRunner" time="6.146">
    <system-out><![CDATA[
Scenario Outline: Verify login with multiple credential combinations # src/test/resources/features/Login.feature:12
  ✔ Given user is on login page                                      # stepdefinitions.LoginTest.user_is_on_login_page()
  ✔ When user enters username "${username}" and password "wrongPass" # stepdefinitions.LoginTest.user_enters_username_and_password(java.lang.String,java.lang.String)
  ✔ Then "error" should be displayed                                 # stepdefinitions.LoginTest.result_should_be_displayed(java.lang.String)
]]></system-out>
    <system-err><![CDATA[[main] INFO io.github.bonigarcia.wdm.WebDriverManager - Using chromedriver 144.0.7559.133 (resolved driver for Chrome 144)
[main] INFO io.github.bonigarcia.wdm.WebDriverManager - Exporting webdriver.chrome.driver as C:\Users\HP\.cache\selenium\chromedriver\win64\144.0.7559.133\chromedriver.exe
]]></system-err>
  </testcase>
  <testcase name="runScenario[&quot;Verify login with multiple credential combinations&quot;, &quot;Login Functionality&quot;](4)" classname="runners.TestRunner" time="5.436">
    <system-out><![CDATA[
Scenario Outline: Verify login with multiple credential combinations # src/test/resources/features/Login.feature:13
  ✔ Given user is on login page                                      # stepdefinitions.LoginTest.user_is_on_login_page()
  ✔ When user enters username "invalidUser" and password "wrongPass" # stepdefinitions.LoginTest.user_enters_username_and_password(java.lang.String,java.lang.String)
  ✔ Then "error" should be displayed                                 # stepdefinitions.LoginTest.result_should_be_displayed(java.lang.String)
]]></system-out>
    <system-err><![CDATA[[main] INFO io.github.bonigarcia.wdm.WebDriverManager - Using chromedriver 144.0.7559.133 (resolved driver for Chrome 144)
[main] INFO io.github.bonigarcia.wdm.WebDriverManager - Exporting webdriver.chrome.driver as C:\Users\HP\.cache\selenium\chromedriver\win64\144.0.7559.133\chromedriver.exe
]]></system-err>
  </testcase>
  <testcase name="runScenario[&quot;Verify login with multiple credential combinations&quot;, &quot;Login Functionality&quot;](5)" classname="runners.TestRunner" time="22.208">
    <system-out><![CDATA[
Scenario Outline: Verify login with multiple credential combinations # src/test/resources/features/Login.feature:14
  ✔ Given user is on login page                                      # stepdefinitions.LoginTest.user_is_on_login_page()
  ✔ When user enters username "" and password ""                     # stepdefinitions.LoginTest.user_enters_username_and_password(java.lang.String,java.lang.String)
  ✔ Then "error" should be displayed                                 # stepdefinitions.LoginTest.result_should_be_displayed(java.lang.String)
]]></system-out>
    <system-err><![CDATA[[main] INFO io.github.bonigarcia.wdm.WebDriverManager - Using chromedriver 144.0.7559.133 (resolved driver for Chrome 144)
[main] INFO io.github.bonigarcia.wdm.WebDriverManager - Exporting webdriver.chrome.driver as C:\Users\HP\.cache\selenium\chromedriver\win64\144.0.7559.133\chromedriver.exe
]]></system-err>
  </testcase>
  <testcase name="runScenario[&quot;Verify login page elements are visible&quot;, &quot;Login Functionality&quot;](6)" classname="runners.TestRunner" time="4.961">
    <system-out><![CDATA[
Scenario: Verify login page elements are visible # src/test/resources/features/Login.feature:16
  ✔ Given user is on login page                  # stepdefinitions.LoginTest.user_is_on_login_page()
  ✔ Then login page elements should be visible   # stepdefinitions.LoginTest.login_page_elements_should_be_visible()
]]></system-out>
    <system-err><![CDATA[[main] INFO io.github.bonigarcia.wdm.WebDriverManager - Using chromedriver 144.0.7559.133 (resolved driver for Chrome 144)
[main] INFO io.github.bonigarcia.wdm.WebDriverManager - Exporting webdriver.chrome.driver as C:\Users\HP\.cache\selenium\chromedriver\win64\144.0.7559.133\chromedriver.exe
]]></system-err>
  </testcase>
  <testcase name="runScenario[&quot;Verify error message for invalid credentials&quot;, &quot;Login Functionality&quot;](7)" classname="runners.TestRunner" time="5.7">
    <system-out><![CDATA[
Scenario: Verify error message for invalid credentials             # src/test/resources/features/Login.feature:20
  ✔ Given user is on login page                                    # stepdefinitions.LoginTest.user_is_on_login_page()
  ✔ When user enters username "wronguser" and password "wrongpass" # stepdefinitions.LoginTest.user_enters_username_and_password(java.lang.String,java.lang.String)
  ✔ Then "error" should be displayed                               # stepdefinitions.LoginTest.result_should_be_displayed(java.lang.String)
]]></system-out>
    <system-err><![CDATA[[main] INFO io.github.bonigarcia.wdm.WebDriverManager - Using chromedriver 144.0.7559.133 (resolved driver for Chrome 144)
[main] INFO io.github.bonigarcia.wdm.WebDriverManager - Exporting webdriver.chrome.driver as C:\Users\HP\.cache\selenium\chromedriver\win64\144.0.7559.133\chromedriver.exe
]]></system-err>
  </testcase>
  <testcase name="runScenario[&quot;Navigate to registration page&quot;, &quot;User Registration&quot;](8)" classname="runners.TestRunner" time="4.155">
    <system-out><![CDATA[
Scenario: Navigate to registration page            # src/test/resources/features/Registration.feature:3
  ✔ Given the user is on the home page             # stepdefinitions.RegistrationTest.the_user_is_on_the_home_page()
  ✔ When the user clicks on the register link      # stepdefinitions.RegistrationTest.the_user_clicks_on_the_register_link()
  ✔ Then the registration page should be displayed # stepdefinitions.RegistrationTest.the_registration_page_should_be_displayed()
]]></system-out>
    <system-err><![CDATA[[main] INFO io.github.bonigarcia.wdm.WebDriverManager - Using chromedriver 144.0.7559.133 (resolved driver for Chrome 144)
[main] INFO io.github.bonigarcia.wdm.WebDriverManager - Exporting webdriver.chrome.driver as C:\Users\HP\.cache\selenium\chromedriver\win64\144.0.7559.133\chromedriver.exe
]]></system-err>
  </testcase>
  <testcase name="runScenario[&quot;Register a new user with valid information&quot;, &quot;User Registration&quot;](9)" classname="runners.TestRunner" time="5.498">
    <system-out><![CDATA[
Scenario: Register a new user with valid information # src/test/resources/features/Registration.feature:8
  ✔ Given the user is on the registration page       # stepdefinitions.RegistrationTest.the_user_is_on_the_registration_page()
  ✔ When the user enters valid registration details  # stepdefinitions.RegistrationTest.the_user_enters_valid_registration_details()
  ✔ Then a success message should be displayed       # stepdefinitions.RegistrationTest.a_success_message_should_be_displayed()
]]></system-out>
    <system-err><![CDATA[[main] INFO io.github.bonigarcia.wdm.WebDriverManager - Using chromedriver 144.0.7559.133 (resolved driver for Chrome 144)
[main] INFO io.github.bonigarcia.wdm.WebDriverManager - Exporting webdriver.chrome.driver as C:\Users\HP\.cache\selenium\chromedriver\win64\144.0.7559.133\chromedriver.exe
]]></system-err>
  </testcase>
  <testcase name="runScenario[&quot;Register user with missing mandatory fields&quot;, &quot;User Registration&quot;](10)" classname="runners.TestRunner" time="6.805">
    <system-out><![CDATA[
Scenario: Register user with missing mandatory fields       # src/test/resources/features/Registration.feature:13
  ✔ Given the user is on the registration page              # stepdefinitions.RegistrationTest.the_user_is_on_the_registration_page()
  ✔ When the user submits the form without mandatory fields # stepdefinitions.RegistrationTest.the_user_submits_the_form_without_mandatory_fields()
  ✔ Then validation error messages should be displayed      # stepdefinitions.RegistrationTest.validation_error_messages_should_be_displayed()
]]></system-out>
    <system-err><![CDATA[[main] INFO io.github.bonigarcia.wdm.WebDriverManager - Using chromedriver 144.0.7559.133 (resolved driver for Chrome 144)
[main] INFO io.github.bonigarcia.wdm.WebDriverManager - Exporting webdriver.chrome.driver as C:\Users\HP\.cache\selenium\chromedriver\win64\144.0.7559.133\chromedriver.exe
]]></system-err>
  </testcase>
  <testcase name="runScenario[&quot;Verify registration page displays correctly&quot;, &quot;User Registration&quot;](11)" classname="runners.TestRunner" time="3.91">
    <system-out><![CDATA[
Scenario: Verify registration page displays correctly # src/test/resources/features/Registration.feature:18
  ✔ Given the user is on the home page                # stepdefinitions.RegistrationTest.the_user_is_on_the_home_page()
  ✔ When the user clicks on the register link         # stepdefinitions.RegistrationTest.the_user_clicks_on_the_register_link()
  ✔ Then the registration page should be displayed    # stepdefinitions.RegistrationTest.the_registration_page_should_be_displayed()
]]></system-out>
    <system-err><![CDATA[[main] INFO io.github.bonigarcia.wdm.WebDriverManager - Using chromedriver 144.0.7559.133 (resolved driver for Chrome 144)
[main] INFO io.github.bonigarcia.wdm.WebDriverManager - Exporting webdriver.chrome.driver as C:\Users\HP\.cache\selenium\chromedriver\win64\144.0.7559.133\chromedriver.exe
]]></system-err>
  </testcase>
  <testcase name="runScenario[&quot;Verify overview page&quot;, &quot;Account Overview&quot;](12)" classname="runners.TestRunner" time="5.624">
    <system-out><![CDATA[
Scenario: Verify overview page           # src/test/resources/features/accounts.feature:3
  ✔ Given user is logged in              # stepdefinitions.CommonSteps.user_is_logged_in()
  ✔ Then account overview should display # stepdefinitions.AccountTest.account_overview_should_display()
]]></system-out>
    <system-err><![CDATA[[main] INFO io.github.bonigarcia.wdm.WebDriverManager - Using chromedriver 144.0.7559.133 (resolved driver for Chrome 144)
[main] INFO io.github.bonigarcia.wdm.WebDriverManager - Exporting webdriver.chrome.driver as C:\Users\HP\.cache\selenium\chromedriver\win64\144.0.7559.133\chromedriver.exe
]]></system-err>
  </testcase>
  <testcase name="runScenario[&quot;Verify account overview and balances&quot;, &quot;Account Overview&quot;](13)" classname="runners.TestRunner" time="7.965">
    <system-out><![CDATA[
Scenario: Verify account overview and balances # src/test/resources/features/accounts.feature:7
  ✔ Given user is logged in                    # stepdefinitions.CommonSteps.user_is_logged_in()
  ✔ Then account overview should display       # stepdefinitions.AccountTest.account_overview_should_display()
  ✔ And account balances should be visible     # stepdefinitions.AccountTest.account_balances_should_be_visible()
]]></system-out>
    <system-err><![CDATA[[main] INFO io.github.bonigarcia.wdm.WebDriverManager - Using chromedriver 144.0.7559.133 (resolved driver for Chrome 144)
[main] INFO io.github.bonigarcia.wdm.WebDriverManager - Exporting webdriver.chrome.driver as C:\Users\HP\.cache\selenium\chromedriver\win64\144.0.7559.133\chromedriver.exe
]]></system-err>
  </testcase>
  <testcase name="runScenario[&quot;Navigate to bill pay&quot;, &quot;Bill Pay&quot;](14)" classname="runners.TestRunner" time="5.507">
    <system-out><![CDATA[
Scenario: Navigate to bill pay        # src/test/resources/features/billpay.feature:3
  ✔ Given user is logged in           # stepdefinitions.CommonSteps.user_is_logged_in()
  ✔ When user opens bill pay          # stepdefinitions.BillPayTest.user_opens_bill_pay()
  ✔ Then bill pay page should display # stepdefinitions.BillPayTest.bill_pay_page_should_display()
]]></system-out>
    <system-err><![CDATA[[main] INFO io.github.bonigarcia.wdm.WebDriverManager - Using chromedriver 144.0.7559.133 (resolved driver for Chrome 144)
[main] INFO io.github.bonigarcia.wdm.WebDriverManager - Exporting webdriver.chrome.driver as C:\Users\HP\.cache\selenium\chromedriver\win64\144.0.7559.133\chromedriver.exe
]]></system-err>
  </testcase>
  <testcase name="runScenario[&quot;Valid bill payment&quot;, &quot;Bill Pay&quot;](15)" classname="runners.TestRunner" time="5.033">
    <system-out><![CDATA[
Scenario: Valid bill payment               # src/test/resources/features/billpay.feature:9
  ✔ Given user is logged in                # stepdefinitions.CommonSteps.user_is_logged_in()
  ✔ When user opens bill pay               # stepdefinitions.BillPayTest.user_opens_bill_pay()
  ✔ And user pays bill with valid data     # stepdefinitions.BillPayTest.user_pays_bill_with_valid_data()
  ✔ Then bill payment confirmation appears # stepdefinitions.BillPayTest.bill_payment_confirmation_appears()
]]></system-out>
    <system-err><![CDATA[[main] INFO io.github.bonigarcia.wdm.WebDriverManager - Using chromedriver 144.0.7559.133 (resolved driver for Chrome 144)
[main] INFO io.github.bonigarcia.wdm.WebDriverManager - Exporting webdriver.chrome.driver as C:\Users\HP\.cache\selenium\chromedriver\win64\144.0.7559.133\chromedriver.exe
]]></system-err>
  </testcase>
  <testcase name="runScenario[&quot;Invalid bill payment&quot;, &quot;Bill Pay&quot;](16)" classname="runners.TestRunner" time="5.69">
    <system-out><![CDATA[
Scenario: Invalid bill payment           # src/test/resources/features/billpay.feature:16
  ✔ Given user is logged in              # stepdefinitions.CommonSteps.user_is_logged_in()
  ✔ When user opens bill pay             # stepdefinitions.BillPayTest.user_opens_bill_pay()
  ✔ And user pays bill with invalid data # stepdefinitions.BillPayTest.user_pays_bill_with_invalid_data()
  ✔ Then error should display            # stepdefinitions.BillPayTest.error_should_display()
]]></system-out>
    <system-err><![CDATA[[main] INFO io.github.bonigarcia.wdm.WebDriverManager - Using chromedriver 144.0.7559.133 (resolved driver for Chrome 144)
[main] INFO io.github.bonigarcia.wdm.WebDriverManager - Exporting webdriver.chrome.driver as C:\Users\HP\.cache\selenium\chromedriver\win64\144.0.7559.133\chromedriver.exe
]]></system-err>
  </testcase>
  <testcase name="runScenario[&quot;Bill payment with amount greater than balance&quot;, &quot;Bill Pay&quot;](17)" classname="runners.TestRunner" time="7.015">
    <system-out><![CDATA[
Scenario: Bill payment with amount greater than balance # src/test/resources/features/billpay.feature:22
  ✔ Given user is logged in                             # stepdefinitions.CommonSteps.user_is_logged_in()
  ✔ When user opens bill pay                            # stepdefinitions.BillPayTest.user_opens_bill_pay()
  ✔ And user pays bill with amount greater than balance # stepdefinitions.BillPayTest.user_pays_bill_with_amount_greater_than_balance()
  ✔ Then bill payment should fail                       # stepdefinitions.BillPayTest.bill_payment_should_fail()
]]></system-out>
    <system-err><![CDATA[[main] INFO io.github.bonigarcia.wdm.WebDriverManager - Using chromedriver 144.0.7559.133 (resolved driver for Chrome 144)
[main] INFO io.github.bonigarcia.wdm.WebDriverManager - Exporting webdriver.chrome.driver as C:\Users\HP\.cache\selenium\chromedriver\win64\144.0.7559.133\chromedriver.exe
]]></system-err>
  </testcase>
  <testcase name="runScenario[&quot;Verify logout&quot;, &quot;Logout&quot;](18)" classname="runners.TestRunner" time="4.204">
    <system-out><![CDATA[
Scenario: Verify logout           # src/test/resources/features/logout.feature:3
  ✔ Given user is logged in       # stepdefinitions.CommonSteps.user_is_logged_in()
  ✔ When user clicks logout       # stepdefinitions.LogoutTest.user_clicks_logout()
  ✔ Then session should terminate # stepdefinitions.LogoutTest.session_should_terminate()
]]></system-out>
    <system-err><![CDATA[[main] INFO io.github.bonigarcia.wdm.WebDriverManager - Using chromedriver 144.0.7559.133 (resolved driver for Chrome 144)
[main] INFO io.github.bonigarcia.wdm.WebDriverManager - Exporting webdriver.chrome.driver as C:\Users\HP\.cache\selenium\chromedriver\win64\144.0.7559.133\chromedriver.exe
]]></system-err>
  </testcase>
  <testcase name="runScenario[&quot;Verify session ends after logout&quot;, &quot;Logout&quot;](19)" classname="runners.TestRunner" time="6.008">
    <system-out><![CDATA[
Scenario: Verify session ends after logout # src/test/resources/features/logout.feature:8
  ✔ Given user is logged in                # stepdefinitions.CommonSteps.user_is_logged_in()
  ✔ When user clicks logout                # stepdefinitions.LogoutTest.user_clicks_logout()
  ✔ Then session should terminate          # stepdefinitions.LogoutTest.session_should_terminate()
]]></system-out>
    <system-err><![CDATA[[main] INFO io.github.bonigarcia.wdm.WebDriverManager - Using chromedriver 144.0.7559.133 (resolved driver for Chrome 144)
[main] INFO io.github.bonigarcia.wdm.WebDriverManager - Exporting webdriver.chrome.driver as C:\Users\HP\.cache\selenium\chromedriver\win64\144.0.7559.133\chromedriver.exe
]]></system-err>
  </testcase>
  <testcase name="runScenario[&quot;Navigate to transfer page&quot;, &quot;Transfer Funds&quot;](20)" classname="runners.TestRunner" time="5.051">
    <system-out><![CDATA[
Scenario: Navigate to transfer page   # src/test/resources/features/transfer.feature:3
  ✔ Given user is logged in           # stepdefinitions.CommonSteps.user_is_logged_in()
  ✔ When user opens transfer funds    # stepdefinitions.TransferFundsTest.user_opens_transfer_funds()
  ✔ Then transfer page should display # stepdefinitions.TransferFundsTest.transfer_page_should_display()
]]></system-out>
    <system-err><![CDATA[[main] INFO io.github.bonigarcia.wdm.WebDriverManager - Using chromedriver 144.0.7559.133 (resolved driver for Chrome 144)
[main] INFO io.github.bonigarcia.wdm.WebDriverManager - Exporting webdriver.chrome.driver as C:\Users\HP\.cache\selenium\chromedriver\win64\144.0.7559.133\chromedriver.exe
]]></system-err>
  </testcase>
  <testcase name="runScenario[&quot;Valid transfer&quot;, &quot;Transfer Funds&quot;](21)" classname="runners.TestRunner" time="6.485">
    <system-out><![CDATA[
Scenario: Valid transfer                        # src/test/resources/features/transfer.feature:9
  ✔ Given user is logged in                     # stepdefinitions.CommonSteps.user_is_logged_in()
  ✔ When user opens transfer funds              # stepdefinitions.TransferFundsTest.user_opens_transfer_funds()
  ✔ And user transfers valid amount             # stepdefinitions.TransferFundsTest.user_transfers_valid_amount()
  ✔ Then transfer success message should appear # stepdefinitions.TransferFundsTest.transfer_success_message_should_appear()
]]></system-out>
    <system-err><![CDATA[[main] INFO io.github.bonigarcia.wdm.WebDriverManager - Using chromedriver 144.0.7559.133 (resolved driver for Chrome 144)
[main] INFO io.github.bonigarcia.wdm.WebDriverManager - Exporting webdriver.chrome.driver as C:\Users\HP\.cache\selenium\chromedriver\win64\144.0.7559.133\chromedriver.exe
]]></system-err>
  </testcase>
  <testcase name="runScenario[&quot;Invalid transfer&quot;, &quot;Transfer Funds&quot;](22)" classname="runners.TestRunner" time="8.354">
    <system-out><![CDATA[
Scenario: Invalid transfer                 # src/test/resources/features/transfer.feature:16
  ✔ Given user is logged in                # stepdefinitions.CommonSteps.user_is_logged_in()
  ✔ When user opens transfer funds         # stepdefinitions.TransferFundsTest.user_opens_transfer_funds()
  ✔ And user transfers invalid amount      # stepdefinitions.TransferFundsTest.user_transfers_invalid_amount()
  ✔ Then error message should be displayed # stepdefinitions.TransferFundsTest.error_message_should_displayed()
]]></system-out>
    <system-err><![CDATA[[main] INFO io.github.bonigarcia.wdm.WebDriverManager - Using chromedriver 144.0.7559.133 (resolved driver for Chrome 144)
[main] INFO io.github.bonigarcia.wdm.WebDriverManager - Exporting webdriver.chrome.driver as C:\Users\HP\.cache\selenium\chromedriver\win64\144.0.7559.133\chromedriver.exe
]]></system-err>
  </testcase>
  <testcase name="runScenario[&quot;Transfer amount greater than available balance&quot;, &quot;Transfer Funds&quot;](23)" classname="runners.TestRunner" time="5.727">
    <system-out><![CDATA[
Scenario: Transfer amount greater than available balance # src/test/resources/features/transfer.feature:22
  ✔ Given user is logged in                              # stepdefinitions.CommonSteps.user_is_logged_in()
  ✔ When user opens transfer funds                       # stepdefinitions.TransferFundsTest.user_opens_transfer_funds()
  ✔ And user transfers amount greater than balance       # stepdefinitions.TransferFundsTest.user_transfers_amount_greater_than_balance()
  ✔ Then transfer should fail                            # stepdefinitions.TransferFundsTest.transfer_should_fail()
]]></system-out>
    <system-err><![CDATA[[main] INFO io.github.bonigarcia.wdm.WebDriverManager - Using chromedriver 144.0.7559.133 (resolved driver for Chrome 144)
[main] INFO io.github.bonigarcia.wdm.WebDriverManager - Exporting webdriver.chrome.driver as C:\Users\HP\.cache\selenium\chromedriver\win64\144.0.7559.133\chromedriver.exe
]]></system-err>
  </testcase>
  <testcase name="runScenario[&quot;Navigate to contact update&quot;, &quot;Update Contact Info&quot;](24)" classname="runners.TestRunner" time="6.521">
    <system-out><![CDATA[
Scenario: Navigate to contact update # src/test/resources/features/update.feature:3
  ✔ Given user is logged in          # stepdefinitions.CommonSteps.user_is_logged_in()
  ✔ When user opens update contact   # stepdefinitions.UpdateContactTest.user_opens_update_contact()
  ✔ Then update page should display  # stepdefinitions.UpdateContactTest.update_page_should_display()
]]></system-out>
    <system-err><![CDATA[[main] INFO io.github.bonigarcia.wdm.WebDriverManager - Using chromedriver 144.0.7559.133 (resolved driver for Chrome 144)
[main] INFO io.github.bonigarcia.wdm.WebDriverManager - Exporting webdriver.chrome.driver as C:\Users\HP\.cache\selenium\chromedriver\win64\144.0.7559.133\chromedriver.exe
]]></system-err>
  </testcase>
  <testcase name="runScenario[&quot;Update valid data&quot;, &quot;Update Contact Info&quot;](25)" classname="runners.TestRunner" time="20.108">
    <system-out><![CDATA[
Scenario: Update valid data             # src/test/resources/features/update.feature:8
  ✔ Given user is logged in             # stepdefinitions.CommonSteps.user_is_logged_in()
  ✔ When user opens update contact      # stepdefinitions.UpdateContactTest.user_opens_update_contact()
  ✔ And user updates valid contact info # stepdefinitions.UpdateContactTest.user_updates_valid_contact_info()
  ✔ Then updated info should be saved   # stepdefinitions.UpdateContactTest.updated_info_should_be_saved()
]]></system-out>
    <system-err><![CDATA[[main] INFO io.github.bonigarcia.wdm.WebDriverManager - Using chromedriver 144.0.7559.133 (resolved driver for Chrome 144)
[main] INFO io.github.bonigarcia.wdm.WebDriverManager - Exporting webdriver.chrome.driver as C:\Users\HP\.cache\selenium\chromedriver\win64\144.0.7559.133\chromedriver.exe
]]></system-err>
  </testcase>
  <testcase name="runScenario[&quot;Update invalid data&quot;, &quot;Update Contact Info&quot;](26)" classname="runners.TestRunner" time="5.189">
    <system-out><![CDATA[
Scenario: Update invalid data            # src/test/resources/features/update.feature:14
  ✔ Given user is logged in              # stepdefinitions.CommonSteps.user_is_logged_in()
  ✔ When user opens update contact       # stepdefinitions.UpdateContactTest.user_opens_update_contact()
  ✔ And user enters invalid contact info # stepdefinitions.UpdateContactTest.user_enters_invalid_contact_info()
  ✔ Then validation errors appear        # stepdefinitions.UpdateContactTest.validation_errors_appear()
]]></system-out>
    <system-err><![CDATA[[main] INFO io.github.bonigarcia.wdm.WebDriverManager - Using chromedriver 144.0.7559.133 (resolved driver for Chrome 144)
[main] INFO io.github.bonigarcia.wdm.WebDriverManager - Exporting webdriver.chrome.driver as C:\Users\HP\.cache\selenium\chromedriver\win64\144.0.7559.133\chromedriver.exe
]]></system-err>
  </testcase>
  <testcase name="runScenario[&quot;Verify update page displays correctly&quot;, &quot;Update Contact Info&quot;](27)" classname="runners.TestRunner" time="5.134">
    <system-out><![CDATA[
Scenario: Verify update page displays correctly # src/test/resources/features/update.feature:20
  ✔ Given user is logged in                     # stepdefinitions.CommonSteps.user_is_logged_in()
  ✔ When user opens update contact              # stepdefinitions.UpdateContactTest.user_opens_update_contact()
  ✔ Then update page should display             # stepdefinitions.UpdateContactTest.update_page_should_display()
]]></system-out>
    <system-err><![CDATA[[main] INFO io.github.bonigarcia.wdm.WebDriverManager - Using chromedriver 144.0.7559.133 (resolved driver for Chrome 144)
[main] INFO io.github.bonigarcia.wdm.WebDriverManager - Exporting webdriver.chrome.driver as C:\Users\HP\.cache\selenium\chromedriver\win64\144.0.7559.133\chromedriver.exe
]]></system-err>
  </testcase>
</testsuite>