<?xml version="1.0" encoding="UTF-8"?>
<testng-results ignored="0" total="27" passed="27" failed="0" skipped="0">
  <reporter-output>
  </reporter-output>
  <suite started-at="2026-02-14T04:59:32 IST" name="Suite" finished-at="2026-02-14T05:02:00 IST" duration-ms="147162">
    <groups>
      <group name="cucumber">
        <method signature="AbstractTestNGCucumberTests.runScenario(io.cucumber.testng.PickleWrapper,io.cucumber.testng.FeatureWrapper)[pri:0, instance:runners.TestRunner@3c3d9b6b]" name="runScenario" class="io.cucumber.testng.AbstractTestNGCucumberTests"/>
      </group> <!-- cucumber -->
    </groups>
    <test started-at="2026-02-14T04:59:32 IST" name="Test" finished-at="2026-02-14T05:02:00 IST" duration-ms="147162">
      <class name="runners.TestRunner">
        <test-method is-config="true" signature="setUpClass(org.testng.ITestContext)[pri:0, instance:runners.TestRunner@3c3d9b6b]" started-at="2026-02-14T04:59:32 IST" name="setUpClass" finished-at="2026-02-14T04:59:33 IST" duration-ms="727" status="PASS">
          <params>
            <param index="0">
              <value>
                <![CDATA[org.testng.TestRunner@39d4f046]]>
              </value>
            </param>
          </params>
          <reporter-output>
          </reporter-output>
        </test-method> <!-- setUpClass -->
        <test-method signature="runScenario(io.cucumber.testng.PickleWrapper,io.cucumber.testng.FeatureWrapper)[pri:0, instance:runners.TestRunner@3c3d9b6b]" started-at="2026-02-14T04:59:33 IST" name="runScenario" description="Runs Cucumber Scenarios" data-provider="scenarios" finished-at="2026-02-14T04:59:40 IST" duration-ms="7264" status="PASS">
          <params>
            <param index="0">
              <value>
                <![CDATA["Verify login with multiple credential combinations"]]>
              </value>
            </param>
            <param index="1">
              <value>
                <![CDATA["Login Functionality"]]>
              </value>
            </param>
          </params>
          <reporter-output>
          </reporter-output>
        </test-method> <!-- runScenario -->
        <test-method signature="runScenario(io.cucumber.testng.PickleWrapper,io.cucumber.testng.FeatureWrapper)[pri:0, instance:runners.TestRunner@3c3d9b6b]" started-at="2026-02-14T04:59:40 IST" name="runScenario" description="Runs Cucumber Scenarios" data-provider="scenarios" finished-at="2026-02-14T04:59:46 IST" duration-ms="5604" status="PASS">
          <params>
            <param index="0">
              <value>
                <![CDATA["Verify login with multiple credential combinations"]]>
              </value>
            </param>
            <param index="1">
              <value>
                <![CDATA["Login Functionality"]]>
              </value>
            </param>
          </params>
          <reporter-output>
          </reporter-output>
        </test-method> <!-- runScenario -->
        <test-method signature="runScenario(io.cucumber.testng.PickleWrapper,io.cucumber.testng.FeatureWrapper)[pri:0, instance:runners.TestRunner@3c3d9b6b]" started-at="2026-02-14T04:59:46 IST" name="runScenario" description="Runs Cucumber Scenarios" data-provider="scenarios" finished-at="2026-02-14T04:59:52 IST" duration-ms="5608" status="PASS">
          <params>
            <param index="0">
              <value>
                <![CDATA["Verify login with multiple credential combinations"]]>
              </value>
            </param>
            <param index="1">
              <value>
                <![CDATA["Login Functionality"]]>
              </value>
            </param>
          </params>
          <reporter-output>
          </reporter-output>
        </test-method> <!-- runScenario -->
        <test-method signature="runScenario(io.cucumber.testng.PickleWrapper,io.cucumber.testng.FeatureWrapper)[pri:0, instance:runners.TestRunner@3c3d9b6b]" started-at="2026-02-14T04:59:52 IST" name="runScenario" description="Runs Cucumber Scenarios" data-provider="scenarios" finished-at="2026-02-14T04:59:57 IST" duration-ms="5403" status="PASS">
          <params>
            <param index="0">
              <value>
                <![CDATA["Verify login with multiple credential combinations"]]>
              </value>
            </param>
            <param index="1">
              <value>
                <![CDATA["Login Functionality"]]>
              </value>
            </param>
          </params>
          <reporter-output>
          </reporter-output>
        </test-method> <!-- runScenario -->
        <test-method signature="runScenario(io.cucumber.testng.PickleWrapper,io.cucumber.testng.FeatureWrapper)[pri:0, instance:runners.TestRunner@3c3d9b6b]" started-at="2026-02-14T04:59:57 IST" name="runScenario" description="Runs Cucumber Scenarios" data-provider="scenarios" finished-at="2026-02-14T05:00:02 IST" duration-ms="4942" status="PASS">
          <params>
            <param index="0">
              <value>
                <![CDATA["Verify login with multiple credential combinations"]]>
              </value>
            </param>
            <param index="1">
              <value>
                <![CDATA["Login Functionality"]]>
              </value>
            </param>
          </params>
          <reporter-output>
          </reporter-output>
        </test-method> <!-- runScenario -->
        <test-method signature="runScenario(io.cucumber.testng.PickleWrapper,io.cucumber.testng.FeatureWrapper)[pri:0, instance:runners.TestRunner@3c3d9b6b]" started-at="2026-02-14T05:00:02 IST" name="runScenario" description="Runs Cucumber Scenarios" data-provider="scenarios" finished-at="2026-02-14T05:00:08 IST" duration-ms="6134" status="PASS">
          <params>
            <param index="0">
              <value>
                <![CDATA["Verify login page elements are visible"]]>
              </value>
            </param>
            <param index="1">
              <value>
                <![CDATA["Login Functionality"]]>
              </value>
            </param>
          </params>
          <reporter-output>
          </reporter-output>
        </test-method> <!-- runScenario -->
        <test-method signature="runScenario(io.cucumber.testng.PickleWrapper,io.cucumber.testng.FeatureWrapper)[pri:0, instance:runners.TestRunner@3c3d9b6b]" started-at="2026-02-14T05:00:08 IST" name="runScenario" description="Runs Cucumber Scenarios" data-provider="scenarios" finished-at="2026-02-14T05:00:14 IST" duration-ms="5648" status="PASS">
          <params>
            <param index="0">
              <value>
                <![CDATA["Verify error message for invalid credentials"]]>
              </value>
            </param>
            <param index="1">
              <value>
                <![CDATA["Login Functionality"]]>
              </value>
            </param>
          </params>
          <reporter-output>
          </reporter-output>
        </test-method> <!-- runScenario -->
        <test-method signature="runScenario(io.cucumber.testng.PickleWrapper,io.cucumber.testng.FeatureWrapper)[pri:0, instance:runners.TestRunner@3c3d9b6b]" started-at="2026-02-14T05:00:14 IST" name="runScenario" description="Runs Cucumber Scenarios" data-provider="scenarios" finished-at="2026-02-14T05:00:18 IST" duration-ms="3893" status="PASS">
          <params>
            <param index="0">
              <value>
                <![CDATA["Navigate to registration page"]]>
              </value>
            </param>
            <param index="1">
              <value>
                <![CDATA["User Registration"]]>
              </value>
            </param>
          </params>
          <reporter-output>
          </reporter-output>
        </test-method> <!-- runScenario -->
        <test-method signature="runScenario(io.cucumber.testng.PickleWrapper,io.cucumber.testng.FeatureWrapper)[pri:0, instance:runners.TestRunner@3c3d9b6b]" started-at="2026-02-14T05:00:18 IST" name="runScenario" description="Runs Cucumber Scenarios" data-provider="scenarios" finished-at="2026-02-14T05:00:23 IST" duration-ms="5508" status="PASS">
          <params>
            <param index="0">
              <value>
                <![CDATA["Register a new user with valid information"]]>
              </value>
            </param>
            <param index="1">
              <value>
                <![CDATA["User Registration"]]>
              </value>
            </param>
          </params>
          <reporter-output>
          </reporter-output>
        </test-method> <!-- runScenario -->
        <test-method signature="runScenario(io.cucumber.testng.PickleWrapper,io.cucumber.testng.FeatureWrapper)[pri:0, instance:runners.TestRunner@3c3d9b6b]" started-at="2026-02-14T05:00:23 IST" name="runScenario" description="Runs Cucumber Scenarios" data-provider="scenarios" finished-at="2026-02-14T05:00:30 IST" duration-ms="6768" status="PASS">
          <params>
            <param index="0">
              <value>
                <![CDATA["Register user with missing mandatory fields"]]>
              </value>
            </param>
            <param index="1">
              <value>
                <![CDATA["User Registration"]]>
              </value>
            </param>
          </params>
          <reporter-output>
          </reporter-output>
        </test-method> <!-- runScenario -->
        <test-method signature="runScenario(io.cucumber.testng.PickleWrapper,io.cucumber.testng.FeatureWrapper)[pri:0, instance:runners.TestRunner@3c3d9b6b]" started-at="2026-02-14T05:00:30 IST" name="runScenario" description="Runs Cucumber Scenarios" data-provider="scenarios" finished-at="2026-02-14T05:00:34 IST" duration-ms="4048" status="PASS">
          <params>
            <param index="0">
              <value>
                <![CDATA["Verify registration page displays correctly"]]>
              </value>
            </param>
            <param index="1">
              <value>
                <![CDATA["User Registration"]]>
              </value>
            </param>
          </params>
          <reporter-output>
          </reporter-output>
        </test-method> <!-- runScenario -->
        <test-method signature="runScenario(io.cucumber.testng.PickleWrapper,io.cucumber.testng.FeatureWrapper)[pri:0, instance:runners.TestRunner@3c3d9b6b]" started-at="2026-02-14T05:00:34 IST" name="runScenario" description="Runs Cucumber Scenarios" data-provider="scenarios" finished-at="2026-02-14T05:00:39 IST" duration-ms="4497" status="PASS">
          <params>
            <param index="0">
              <value>
                <![CDATA["Verify overview page"]]>
              </value>
            </param>
            <param index="1">
              <value>
                <![CDATA["Account Overview"]]>
              </value>
            </param>
          </params>
          <reporter-output>
          </reporter-output>
        </test-method> <!-- runScenario -->
        <test-method signature="runScenario(io.cucumber.testng.PickleWrapper,io.cucumber.testng.FeatureWrapper)[pri:0, instance:runners.TestRunner@3c3d9b6b]" started-at="2026-02-14T05:00:39 IST" name="runScenario" description="Runs Cucumber Scenarios" data-provider="scenarios" finished-at="2026-02-14T05:00:44 IST" duration-ms="5207" status="PASS">
          <params>
            <param index="0">
              <value>
                <![CDATA["Verify account overview and balances"]]>
              </value>
            </param>
            <param index="1">
              <value>
                <![CDATA["Account Overview"]]>
              </value>
            </param>
          </params>
          <reporter-output>
          </reporter-output>
        </test-method> <!-- runScenario -->
        <test-method signature="runScenario(io.cucumber.testng.PickleWrapper,io.cucumber.testng.FeatureWrapper)[pri:0, instance:runners.TestRunner@3c3d9b6b]" started-at="2026-02-14T05:00:44 IST" name="runScenario" description="Runs Cucumber Scenarios" data-provider="scenarios" finished-at="2026-02-14T05:00:49 IST" duration-ms="5359" status="PASS">
          <params>
            <param index="0">
              <value>
                <![CDATA["Navigate to bill pay"]]>
              </value>
            </param>
            <param index="1">
              <value>
                <![CDATA["Bill Pay"]]>
              </value>
            </param>
          </params>
          <reporter-output>
          </reporter-output>
        </test-method> <!-- runScenario -->
        <test-method signature="runScenario(io.cucumber.testng.PickleWrapper,io.cucumber.testng.FeatureWrapper)[pri:0, instance:runners.TestRunner@3c3d9b6b]" started-at="2026-02-14T05:00:49 IST" name="runScenario" description="Runs Cucumber Scenarios" data-provider="scenarios" finished-at="2026-02-14T05:00:55 IST" duration-ms="6258" status="PASS">
          <params>
            <param index="0">
              <value>
                <![CDATA["Valid bill payment"]]>
              </value>
            </param>
            <param index="1">
              <value>
                <![CDATA["Bill Pay"]]>
              </value>
            </param>
          </params>
          <reporter-output>
          </reporter-output>
        </test-method> <!-- runScenario -->
        <test-method signature="runScenario(io.cucumber.testng.PickleWrapper,io.cucumber.testng.FeatureWrapper)[pri:0, instance:runners.TestRunner@3c3d9b6b]" started-at="2026-02-14T05:00:55 IST" name="runScenario" description="Runs Cucumber Scenarios" data-provider="scenarios" finished-at="2026-02-14T05:01:01 IST" duration-ms="5358" status="PASS">
          <params>
            <param index="0">
              <value>
                <![CDATA["Invalid bill payment"]]>
              </value>
            </param>
            <param index="1">
              <value>
                <![CDATA["Bill Pay"]]>
              </value>
            </param>
          </params>
          <reporter-output>
          </reporter-output>
        </test-method> <!-- runScenario -->
        <test-method signature="runScenario(io.cucumber.testng.PickleWrapper,io.cucumber.testng.FeatureWrapper)[pri:0, instance:runners.TestRunner@3c3d9b6b]" started-at="2026-02-14T05:01:01 IST" name="runScenario" description="Runs Cucumber Scenarios" data-provider="scenarios" finished-at="2026-02-14T05:01:07 IST" duration-ms="6271" status="PASS">
          <params>
            <param index="0">
              <value>
                <![CDATA["Bill payment with amount greater than balance"]]>
              </value>
            </param>
            <param index="1">
              <value>
                <![CDATA["Bill Pay"]]>
              </value>
            </param>
          </params>
          <reporter-output>
          </reporter-output>
        </test-method> <!-- runScenario -->
        <test-method signature="runScenario(io.cucumber.testng.PickleWrapper,io.cucumber.testng.FeatureWrapper)[pri:0, instance:runners.TestRunner@3c3d9b6b]" started-at="2026-02-14T05:01:07 IST" name="runScenario" description="Runs Cucumber Scenarios" data-provider="scenarios" finished-at="2026-02-14T05:01:12 IST" duration-ms="5292" status="PASS">
          <params>
            <param index="0">
              <value>
                <![CDATA["Verify logout"]]>
              </value>
            </param>
            <param index="1">
              <value>
                <![CDATA["Logout"]]>
              </value>
            </param>
          </params>
          <reporter-output>
          </reporter-output>
        </test-method> <!-- runScenario -->
        <test-method signature="runScenario(io.cucumber.testng.PickleWrapper,io.cucumber.testng.FeatureWrapper)[pri:0, instance:runners.TestRunner@3c3d9b6b]" started-at="2026-02-14T05:01:12 IST" name="runScenario" description="Runs Cucumber Scenarios" data-provider="scenarios" finished-at="2026-02-14T05:01:18 IST" duration-ms="5296" status="PASS">
          <params>
            <param index="0">
              <value>
                <![CDATA["Verify session ends after logout"]]>
              </value>
            </param>
            <param index="1">
              <value>
                <![CDATA["Logout"]]>
              </value>
            </param>
          </params>
          <reporter-output>
          </reporter-output>
        </test-method> <!-- runScenario -->
        <test-method signature="runScenario(io.cucumber.testng.PickleWrapper,io.cucumber.testng.FeatureWrapper)[pri:0, instance:runners.TestRunner@3c3d9b6b]" started-at="2026-02-14T05:01:18 IST" name="runScenario" description="Runs Cucumber Scenarios" data-provider="scenarios" finished-at="2026-02-14T05:01:23 IST" duration-ms="5223" status="PASS">
          <params>
            <param index="0">
              <value>
                <![CDATA["Navigate to transfer page"]]>
              </value>
            </param>
            <param index="1">
              <value>
                <![CDATA["Transfer Funds"]]>
              </value>
            </param>
          </params>
          <reporter-output>
          </reporter-output>
        </test-method> <!-- runScenario -->
        <test-method signature="runScenario(io.cucumber.testng.PickleWrapper,io.cucumber.testng.FeatureWrapper)[pri:0, instance:runners.TestRunner@3c3d9b6b]" started-at="2026-02-14T05:01:23 IST" name="runScenario" description="Runs Cucumber Scenarios" data-provider="scenarios" finished-at="2026-02-14T05:01:28 IST" duration-ms="4998" status="PASS">
          <params>
            <param index="0">
              <value>
                <![CDATA["Valid transfer"]]>
              </value>
            </param>
            <param index="1">
              <value>
                <![CDATA["Transfer Funds"]]>
              </value>
            </param>
          </params>
          <reporter-output>
          </reporter-output>
        </test-method> <!-- runScenario -->
        <test-method signature="runScenario(io.cucumber.testng.PickleWrapper,io.cucumber.testng.FeatureWrapper)[pri:0, instance:runners.TestRunner@3c3d9b6b]" started-at="2026-02-14T05:01:28 IST" name="runScenario" description="Runs Cucumber Scenarios" data-provider="scenarios" finished-at="2026-02-14T05:01:33 IST" duration-ms="5514" status="PASS">
          <params>
            <param index="0">
              <value>
                <![CDATA["Invalid transfer"]]>
              </value>
            </param>
            <param index="1">
              <value>
                <![CDATA["Transfer Funds"]]>
              </value>
            </param>
          </params>
          <reporter-output>
          </reporter-output>
        </test-method> <!-- runScenario -->
        <test-method signature="runScenario(io.cucumber.testng.PickleWrapper,io.cucumber.testng.FeatureWrapper)[pri:0, instance:runners.TestRunner@3c3d9b6b]" started-at="2026-02-14T05:01:33 IST" name="runScenario" description="Runs Cucumber Scenarios" data-provider="scenarios" finished-at="2026-02-14T05:01:39 IST" duration-ms="5836" status="PASS">
          <params>
            <param index="0">
              <value>
                <![CDATA["Transfer amount greater than available balance"]]>
              </value>
            </param>
            <param index="1">
              <value>
                <![CDATA["Transfer Funds"]]>
              </value>
            </param>
          </params>
          <reporter-output>
          </reporter-output>
        </test-method> <!-- runScenario -->
        <test-method signature="runScenario(io.cucumber.testng.PickleWrapper,io.cucumber.testng.FeatureWrapper)[pri:0, instance:runners.TestRunner@3c3d9b6b]" started-at="2026-02-14T05:01:39 IST" name="runScenario" description="Runs Cucumber Scenarios" data-provider="scenarios" finished-at="2026-02-14T05:01:44 IST" duration-ms="5235" status="PASS">
          <params>
            <param index="0">
              <value>
                <![CDATA["Navigate to contact update"]]>
              </value>
            </param>
            <param index="1">
              <value>
                <![CDATA["Update Contact Info"]]>
              </value>
            </param>
          </params>
          <reporter-output>
          </reporter-output>
        </test-method> <!-- runScenario -->
        <test-method signature="runScenario(io.cucumber.testng.PickleWrapper,io.cucumber.testng.FeatureWrapper)[pri:0, instance:runners.TestRunner@3c3d9b6b]" started-at="2026-02-14T05:01:44 IST" name="runScenario" description="Runs Cucumber Scenarios" data-provider="scenarios" finished-at="2026-02-14T05:01:50 IST" duration-ms="5211" status="PASS">
          <params>
            <param index="0">
              <value>
                <![CDATA["Update valid data"]]>
              </value>
            </param>
            <param index="1">
              <value>
                <![CDATA["Update Contact Info"]]>
              </value>
            </param>
          </params>
          <reporter-output>
          </reporter-output>
        </test-method> <!-- runScenario -->
        <test-method signature="runScenario(io.cucumber.testng.PickleWrapper,io.cucumber.testng.FeatureWrapper)[pri:0, instance:runners.TestRunner@3c3d9b6b]" started-at="2026-02-14T05:01:50 IST" name="runScenario" description="Runs Cucumber Scenarios" data-provider="scenarios" finished-at="2026-02-14T05:01:55 IST" duration-ms="4978" status="PASS">
          <params>
            <param index="0">
              <value>
                <![CDATA["Update invalid data"]]>
              </value>
            </param>
            <param index="1">
              <value>
                <![CDATA["Update Contact Info"]]>
              </value>
            </param>
          </params>
          <reporter-output>
          </reporter-output>
        </test-method> <!-- runScenario -->
        <test-method signature="runScenario(io.cucumber.testng.PickleWrapper,io.cucumber.testng.FeatureWrapper)[pri:0, instance:runners.TestRunner@3c3d9b6b]" started-at="2026-02-14T05:01:55 IST" name="runScenario" description="Runs Cucumber Scenarios" data-provider="scenarios" finished-at="2026-02-14T05:02:00 IST" duration-ms="4943" status="PASS">
          <params>
            <param index="0">
              <value>
                <![CDATA["Verify update page displays correctly"]]>
              </value>
            </param>
            <param index="1">
              <value>
                <![CDATA["Update Contact Info"]]>
              </value>
            </param>
          </params>
          <reporter-output>
          </reporter-output>
        </test-method> <!-- runScenario -->
        <test-method is-config="true" signature="tearDownClass()[pri:0, instance:runners.TestRunner@3c3d9b6b]" started-at="2026-02-14T05:02:00 IST" name="tearDownClass" finished-at="2026-02-14T05:02:00 IST" duration-ms="64" status="PASS">
          <reporter-output>
          </reporter-output>
        </test-method> <!-- tearDownClass -->
      </class> <!-- runners.TestRunner -->
    </test> <!-- Test -->
  </suite> <!-- Suite -->
</testng-results>
