<?xml version="1.0" encoding="UTF-8"?>
<testng-results ignored="0" total="20" passed="20" failed="0" skipped="0">
  <reporter-output>
  </reporter-output>
  <suite started-at="2026-02-09T13:03:36 IST" name="Suite" finished-at="2026-02-09T13:05:43 IST" duration-ms="126385">
    <groups>
      <group name="cucumber">
        <method signature="AbstractTestNGCucumberTests.runScenario(io.cucumber.testng.PickleWrapper,io.cucumber.testng.FeatureWrapper)[pri:0, instance:runners.TestRunner@c03cf28]" name="runScenario" class="io.cucumber.testng.AbstractTestNGCucumberTests"/>
      </group> <!-- cucumber -->
    </groups>
    <test started-at="2026-02-09T13:03:36 IST" name="Test" finished-at="2026-02-09T13:05:43 IST" duration-ms="126385">
      <class name="runners.TestRunner">
        <test-method is-config="true" signature="setUpClass(org.testng.ITestContext)[pri:0, instance:runners.TestRunner@c03cf28]" started-at="2026-02-09T13:03:36 IST" name="setUpClass" finished-at="2026-02-09T13:03:37 IST" duration-ms="460" status="PASS">
          <params>
            <param index="0">
              <value>
                <![CDATA[org.testng.TestRunner@177302d6]]>
              </value>
            </param>
          </params>
          <reporter-output>
          </reporter-output>
        </test-method> <!-- setUpClass -->
        <test-method signature="runScenario(io.cucumber.testng.PickleWrapper,io.cucumber.testng.FeatureWrapper)[pri:0, instance:runners.TestRunner@c03cf28]" started-at="2026-02-09T13:03:37 IST" name="runScenario" description="Runs Cucumber Scenarios" data-provider="scenarios" finished-at="2026-02-09T13:03:43 IST" duration-ms="6208" status="PASS">
          <params>
            <param index="0">
              <value>
                <![CDATA["Login with valid credentials"]]>
              </value>
            </param>
            <param index="1">
              <value>
                <![CDATA["Login Module"]]>
              </value>
            </param>
          </params>
          <reporter-output>
          </reporter-output>
        </test-method> <!-- runScenario -->
        <test-method signature="runScenario(io.cucumber.testng.PickleWrapper,io.cucumber.testng.FeatureWrapper)[pri:0, instance:runners.TestRunner@c03cf28]" started-at="2026-02-09T13:03:43 IST" name="runScenario" description="Runs Cucumber Scenarios" data-provider="scenarios" finished-at="2026-02-09T13:03:46 IST" duration-ms="3369" status="PASS">
          <params>
            <param index="0">
              <value>
                <![CDATA["Login with invalid username"]]>
              </value>
            </param>
            <param index="1">
              <value>
                <![CDATA["Login Module"]]>
              </value>
            </param>
          </params>
          <reporter-output>
          </reporter-output>
        </test-method> <!-- runScenario -->
        <test-method signature="runScenario(io.cucumber.testng.PickleWrapper,io.cucumber.testng.FeatureWrapper)[pri:0, instance:runners.TestRunner@c03cf28]" started-at="2026-02-09T13:03:46 IST" name="runScenario" description="Runs Cucumber Scenarios" data-provider="scenarios" finished-at="2026-02-09T13:03:50 IST" duration-ms="3093" status="PASS">
          <params>
            <param index="0">
              <value>
                <![CDATA["Login with invalid password"]]>
              </value>
            </param>
            <param index="1">
              <value>
                <![CDATA["Login Module"]]>
              </value>
            </param>
          </params>
          <reporter-output>
          </reporter-output>
        </test-method> <!-- runScenario -->
        <test-method signature="runScenario(io.cucumber.testng.PickleWrapper,io.cucumber.testng.FeatureWrapper)[pri:0, instance:runners.TestRunner@c03cf28]" started-at="2026-02-09T13:03:50 IST" name="runScenario" description="Runs Cucumber Scenarios" data-provider="scenarios" finished-at="2026-02-09T13:03:52 IST" duration-ms="2794" status="PASS">
          <params>
            <param index="0">
              <value>
                <![CDATA["Login with blank credentials"]]>
              </value>
            </param>
            <param index="1">
              <value>
                <![CDATA["Login Module"]]>
              </value>
            </param>
          </params>
          <reporter-output>
          </reporter-output>
        </test-method> <!-- runScenario -->
        <test-method signature="runScenario(io.cucumber.testng.PickleWrapper,io.cucumber.testng.FeatureWrapper)[pri:0, instance:runners.TestRunner@c03cf28]" started-at="2026-02-09T13:03:52 IST" name="runScenario" description="Runs Cucumber Scenarios" data-provider="scenarios" finished-at="2026-02-09T13:03:55 IST" duration-ms="2193" status="PASS">
          <params>
            <param index="0">
              <value>
                <![CDATA["Verify UI elements"]]>
              </value>
            </param>
            <param index="1">
              <value>
                <![CDATA["Login Module"]]>
              </value>
            </param>
          </params>
          <reporter-output>
          </reporter-output>
        </test-method> <!-- runScenario -->
        <test-method signature="runScenario(io.cucumber.testng.PickleWrapper,io.cucumber.testng.FeatureWrapper)[pri:0, instance:runners.TestRunner@c03cf28]" started-at="2026-02-09T13:03:55 IST" name="runScenario" description="Runs Cucumber Scenarios" data-provider="scenarios" finished-at="2026-02-09T13:03:59 IST" duration-ms="4326" status="PASS">
          <params>
            <param index="0">
              <value>
                <![CDATA["Navigate to registration page"]]>
              </value>
            </param>
            <param index="1">
              <value>
                <![CDATA["User Registration"]]>
              </value>
            </param>
          </params>
          <reporter-output>
          </reporter-output>
        </test-method> <!-- runScenario -->
        <test-method signature="runScenario(io.cucumber.testng.PickleWrapper,io.cucumber.testng.FeatureWrapper)[pri:0, instance:runners.TestRunner@c03cf28]" started-at="2026-02-09T13:03:59 IST" name="runScenario" description="Runs Cucumber Scenarios" data-provider="scenarios" finished-at="2026-02-09T13:04:03 IST" duration-ms="3859" status="PASS">
          <params>
            <param index="0">
              <value>
                <![CDATA["Register a new user with valid information"]]>
              </value>
            </param>
            <param index="1">
              <value>
                <![CDATA["User Registration"]]>
              </value>
            </param>
          </params>
          <reporter-output>
          </reporter-output>
        </test-method> <!-- runScenario -->
        <test-method signature="runScenario(io.cucumber.testng.PickleWrapper,io.cucumber.testng.FeatureWrapper)[pri:0, instance:runners.TestRunner@c03cf28]" started-at="2026-02-09T13:04:03 IST" name="runScenario" description="Runs Cucumber Scenarios" data-provider="scenarios" finished-at="2026-02-09T13:04:06 IST" duration-ms="3030" status="PASS">
          <params>
            <param index="0">
              <value>
                <![CDATA["Register user with missing mandatory fields"]]>
              </value>
            </param>
            <param index="1">
              <value>
                <![CDATA["User Registration"]]>
              </value>
            </param>
          </params>
          <reporter-output>
          </reporter-output>
        </test-method> <!-- runScenario -->
        <test-method signature="runScenario(io.cucumber.testng.PickleWrapper,io.cucumber.testng.FeatureWrapper)[pri:0, instance:runners.TestRunner@c03cf28]" started-at="2026-02-09T13:04:06 IST" name="runScenario" description="Runs Cucumber Scenarios" data-provider="scenarios" finished-at="2026-02-09T13:04:12 IST" duration-ms="6418" status="PASS">
          <params>
            <param index="0">
              <value>
                <![CDATA["Verify overview page"]]>
              </value>
            </param>
            <param index="1">
              <value>
                <![CDATA["Account Overview"]]>
              </value>
            </param>
          </params>
          <reporter-output>
          </reporter-output>
        </test-method> <!-- runScenario -->
        <test-method signature="runScenario(io.cucumber.testng.PickleWrapper,io.cucumber.testng.FeatureWrapper)[pri:0, instance:runners.TestRunner@c03cf28]" started-at="2026-02-09T13:04:12 IST" name="runScenario" description="Runs Cucumber Scenarios" data-provider="scenarios" finished-at="2026-02-09T13:04:15 IST" duration-ms="3115" status="PASS">
          <params>
            <param index="0">
              <value>
                <![CDATA["Verify balances"]]>
              </value>
            </param>
            <param index="1">
              <value>
                <![CDATA["Account Overview"]]>
              </value>
            </param>
          </params>
          <reporter-output>
          </reporter-output>
        </test-method> <!-- runScenario -->
        <test-method signature="runScenario(io.cucumber.testng.PickleWrapper,io.cucumber.testng.FeatureWrapper)[pri:0, instance:runners.TestRunner@c03cf28]" started-at="2026-02-09T13:04:15 IST" name="runScenario" description="Runs Cucumber Scenarios" data-provider="scenarios" finished-at="2026-02-09T13:04:19 IST" duration-ms="3616" status="PASS">
          <params>
            <param index="0">
              <value>
                <![CDATA["Navigate to bill pay"]]>
              </value>
            </param>
            <param index="1">
              <value>
                <![CDATA["Bill Pay"]]>
              </value>
            </param>
          </params>
          <reporter-output>
          </reporter-output>
        </test-method> <!-- runScenario -->
        <test-method signature="runScenario(io.cucumber.testng.PickleWrapper,io.cucumber.testng.FeatureWrapper)[pri:0, instance:runners.TestRunner@c03cf28]" started-at="2026-02-09T13:04:19 IST" name="runScenario" description="Runs Cucumber Scenarios" data-provider="scenarios" finished-at="2026-02-09T13:04:46 IST" duration-ms="26771" status="PASS">
          <params>
            <param index="0">
              <value>
                <![CDATA["Valid bill payment"]]>
              </value>
            </param>
            <param index="1">
              <value>
                <![CDATA["Bill Pay"]]>
              </value>
            </param>
          </params>
          <reporter-output>
          </reporter-output>
        </test-method> <!-- runScenario -->
        <test-method signature="runScenario(io.cucumber.testng.PickleWrapper,io.cucumber.testng.FeatureWrapper)[pri:0, instance:runners.TestRunner@c03cf28]" started-at="2026-02-09T13:04:46 IST" name="runScenario" description="Runs Cucumber Scenarios" data-provider="scenarios" finished-at="2026-02-09T13:04:53 IST" duration-ms="6848" status="PASS">
          <params>
            <param index="0">
              <value>
                <![CDATA["Invalid bill payment"]]>
              </value>
            </param>
            <param index="1">
              <value>
                <![CDATA["Bill Pay"]]>
              </value>
            </param>
          </params>
          <reporter-output>
          </reporter-output>
        </test-method> <!-- runScenario -->
        <test-method signature="runScenario(io.cucumber.testng.PickleWrapper,io.cucumber.testng.FeatureWrapper)[pri:0, instance:runners.TestRunner@c03cf28]" started-at="2026-02-09T13:04:53 IST" name="runScenario" description="Runs Cucumber Scenarios" data-provider="scenarios" finished-at="2026-02-09T13:04:59 IST" duration-ms="6271" status="PASS">
          <params>
            <param index="0">
              <value>
                <![CDATA["Verify logout"]]>
              </value>
            </param>
            <param index="1">
              <value>
                <![CDATA["Logout"]]>
              </value>
            </param>
          </params>
          <reporter-output>
          </reporter-output>
        </test-method> <!-- runScenario -->
        <test-method signature="runScenario(io.cucumber.testng.PickleWrapper,io.cucumber.testng.FeatureWrapper)[pri:0, instance:runners.TestRunner@c03cf28]" started-at="2026-02-09T13:04:59 IST" name="runScenario" description="Runs Cucumber Scenarios" data-provider="scenarios" finished-at="2026-02-09T13:05:13 IST" duration-ms="14251" status="PASS">
          <params>
            <param index="0">
              <value>
                <![CDATA["Navigate to transfer page"]]>
              </value>
            </param>
            <param index="1">
              <value>
                <![CDATA["Transfer Funds"]]>
              </value>
            </param>
          </params>
          <reporter-output>
          </reporter-output>
        </test-method> <!-- runScenario -->
        <test-method signature="runScenario(io.cucumber.testng.PickleWrapper,io.cucumber.testng.FeatureWrapper)[pri:0, instance:runners.TestRunner@c03cf28]" started-at="2026-02-09T13:05:13 IST" name="runScenario" description="Runs Cucumber Scenarios" data-provider="scenarios" finished-at="2026-02-09T13:05:17 IST" duration-ms="3641" status="PASS">
          <params>
            <param index="0">
              <value>
                <![CDATA["Valid transfer"]]>
              </value>
            </param>
            <param index="1">
              <value>
                <![CDATA["Transfer Funds"]]>
              </value>
            </param>
          </params>
          <reporter-output>
          </reporter-output>
        </test-method> <!-- runScenario -->
        <test-method signature="runScenario(io.cucumber.testng.PickleWrapper,io.cucumber.testng.FeatureWrapper)[pri:0, instance:runners.TestRunner@c03cf28]" started-at="2026-02-09T13:05:17 IST" name="runScenario" description="Runs Cucumber Scenarios" data-provider="scenarios" finished-at="2026-02-09T13:05:21 IST" duration-ms="4218" status="PASS">
          <params>
            <param index="0">
              <value>
                <![CDATA["Invalid transfer"]]>
              </value>
            </param>
            <param index="1">
              <value>
                <![CDATA["Transfer Funds"]]>
              </value>
            </param>
          </params>
          <reporter-output>
          </reporter-output>
        </test-method> <!-- runScenario -->
        <test-method signature="runScenario(io.cucumber.testng.PickleWrapper,io.cucumber.testng.FeatureWrapper)[pri:0, instance:runners.TestRunner@c03cf28]" started-at="2026-02-09T13:05:21 IST" name="runScenario" description="Runs Cucumber Scenarios" data-provider="scenarios" finished-at="2026-02-09T13:05:27 IST" duration-ms="5758" status="PASS">
          <params>
            <param index="0">
              <value>
                <![CDATA["Navigate to contact update"]]>
              </value>
            </param>
            <param index="1">
              <value>
                <![CDATA["Update Contact Info"]]>
              </value>
            </param>
          </params>
          <reporter-output>
          </reporter-output>
        </test-method> <!-- runScenario -->
        <test-method signature="runScenario(io.cucumber.testng.PickleWrapper,io.cucumber.testng.FeatureWrapper)[pri:0, instance:runners.TestRunner@c03cf28]" started-at="2026-02-09T13:05:27 IST" name="runScenario" description="Runs Cucumber Scenarios" data-provider="scenarios" finished-at="2026-02-09T13:05:36 IST" duration-ms="9033" status="PASS">
          <params>
            <param index="0">
              <value>
                <![CDATA["Update valid data"]]>
              </value>
            </param>
            <param index="1">
              <value>
                <![CDATA["Update Contact Info"]]>
              </value>
            </param>
          </params>
          <reporter-output>
          </reporter-output>
        </test-method> <!-- runScenario -->
        <test-method signature="runScenario(io.cucumber.testng.PickleWrapper,io.cucumber.testng.FeatureWrapper)[pri:0, instance:runners.TestRunner@c03cf28]" started-at="2026-02-09T13:05:36 IST" name="runScenario" description="Runs Cucumber Scenarios" data-provider="scenarios" finished-at="2026-02-09T13:05:43 IST" duration-ms="7022" status="PASS">
          <params>
            <param index="0">
              <value>
                <![CDATA["Update invalid data"]]>
              </value>
            </param>
            <param index="1">
              <value>
                <![CDATA["Update Contact Info"]]>
              </value>
            </param>
          </params>
          <reporter-output>
          </reporter-output>
        </test-method> <!-- runScenario -->
        <test-method is-config="true" signature="tearDownClass()[pri:0, instance:runners.TestRunner@c03cf28]" started-at="2026-02-09T13:05:43 IST" name="tearDownClass" finished-at="2026-02-09T13:05:43 IST" duration-ms="43" status="PASS">
          <reporter-output>
          </reporter-output>
        </test-method> <!-- tearDownClass -->
      </class> <!-- runners.TestRunner -->
    </test> <!-- Test -->
  </suite> <!-- Suite -->
</testng-results>
