<?xml version="1.0" encoding="UTF-8"?>
<testng-results ignored="0" total="27" passed="26" failed="1" skipped="0">
  <reporter-output>
  </reporter-output>
  <suite started-at="2026-02-11T16:50:25 IST" name="Suite" finished-at="2026-02-11T16:54:18 IST" duration-ms="233227">
    <groups>
      <group name="cucumber">
        <method signature="AbstractTestNGCucumberTests.runScenario(io.cucumber.testng.PickleWrapper,io.cucumber.testng.FeatureWrapper)[pri:0, instance:runners.TestRunner@366647c2]" name="runScenario" class="io.cucumber.testng.AbstractTestNGCucumberTests"/>
      </group> <!-- cucumber -->
    </groups>
    <test started-at="2026-02-11T16:50:25 IST" name="Test" finished-at="2026-02-11T16:54:18 IST" duration-ms="233227">
      <class name="runners.TestRunner">
        <test-method is-config="true" signature="setUpClass(org.testng.ITestContext)[pri:0, instance:runners.TestRunner@366647c2]" started-at="2026-02-11T16:50:25 IST" name="setUpClass" finished-at="2026-02-11T16:50:25 IST" duration-ms="562" status="PASS">
          <params>
            <param index="0">
              <value>
                <![CDATA[org.testng.TestRunner@29ceefb3]]>
              </value>
            </param>
          </params>
          <reporter-output>
          </reporter-output>
        </test-method> <!-- setUpClass -->
        <test-method signature="runScenario(io.cucumber.testng.PickleWrapper,io.cucumber.testng.FeatureWrapper)[pri:0, instance:runners.TestRunner@366647c2]" started-at="2026-02-11T16:50:25 IST" name="runScenario" description="Runs Cucumber Scenarios" data-provider="scenarios" finished-at="2026-02-11T16:50:35 IST" duration-ms="9216" status="PASS">
          <params>
            <param index="0">
              <value>
                <![CDATA["Verify login with multiple credential combinations"]]>
              </value>
            </param>
            <param index="1">
              <value>
                <![CDATA["Login Functionality"]]>
              </value>
            </param>
          </params>
          <reporter-output>
          </reporter-output>
        </test-method> <!-- runScenario -->
        <test-method signature="runScenario(io.cucumber.testng.PickleWrapper,io.cucumber.testng.FeatureWrapper)[pri:0, instance:runners.TestRunner@366647c2]" started-at="2026-02-11T16:50:35 IST" name="runScenario" description="Runs Cucumber Scenarios" data-provider="scenarios" finished-at="2026-02-11T16:50:38 IST" duration-ms="3798" status="PASS">
          <params>
            <param index="0">
              <value>
                <![CDATA["Verify login with multiple credential combinations"]]>
              </value>
            </param>
            <param index="1">
              <value>
                <![CDATA["Login Functionality"]]>
              </value>
            </param>
          </params>
          <reporter-output>
          </reporter-output>
        </test-method> <!-- runScenario -->
        <test-method signature="runScenario(io.cucumber.testng.PickleWrapper,io.cucumber.testng.FeatureWrapper)[pri:0, instance:runners.TestRunner@366647c2]" started-at="2026-02-11T16:50:38 IST" name="runScenario" description="Runs Cucumber Scenarios" data-provider="scenarios" finished-at="2026-02-11T16:50:46 IST" duration-ms="8022" status="PASS">
          <params>
            <param index="0">
              <value>
                <![CDATA["Verify login with multiple credential combinations"]]>
              </value>
            </param>
            <param index="1">
              <value>
                <![CDATA["Login Functionality"]]>
              </value>
            </param>
          </params>
          <reporter-output>
          </reporter-output>
        </test-method> <!-- runScenario -->
        <test-method signature="runScenario(io.cucumber.testng.PickleWrapper,io.cucumber.testng.FeatureWrapper)[pri:0, instance:runners.TestRunner@366647c2]" started-at="2026-02-11T16:50:46 IST" name="runScenario" description="Runs Cucumber Scenarios" data-provider="scenarios" finished-at="2026-02-11T16:50:52 IST" duration-ms="5823" status="PASS">
          <params>
            <param index="0">
              <value>
                <![CDATA["Verify login with multiple credential combinations"]]>
              </value>
            </param>
            <param index="1">
              <value>
                <![CDATA["Login Functionality"]]>
              </value>
            </param>
          </params>
          <reporter-output>
          </reporter-output>
        </test-method> <!-- runScenario -->
        <test-method signature="runScenario(io.cucumber.testng.PickleWrapper,io.cucumber.testng.FeatureWrapper)[pri:0, instance:runners.TestRunner@366647c2]" started-at="2026-02-11T16:50:52 IST" name="runScenario" description="Runs Cucumber Scenarios" data-provider="scenarios" finished-at="2026-02-11T16:51:10 IST" duration-ms="17906" status="PASS">
          <params>
            <param index="0">
              <value>
                <![CDATA["Verify login with multiple credential combinations"]]>
              </value>
            </param>
            <param index="1">
              <value>
                <![CDATA["Login Functionality"]]>
              </value>
            </param>
          </params>
          <reporter-output>
          </reporter-output>
        </test-method> <!-- runScenario -->
        <test-method signature="runScenario(io.cucumber.testng.PickleWrapper,io.cucumber.testng.FeatureWrapper)[pri:0, instance:runners.TestRunner@366647c2]" started-at="2026-02-11T16:51:10 IST" name="runScenario" description="Runs Cucumber Scenarios" data-provider="scenarios" finished-at="2026-02-11T16:51:36 IST" duration-ms="26033" status="PASS">
          <params>
            <param index="0">
              <value>
                <![CDATA["Verify login page elements are visible"]]>
              </value>
            </param>
            <param index="1">
              <value>
                <![CDATA["Login Functionality"]]>
              </value>
            </param>
          </params>
          <reporter-output>
          </reporter-output>
        </test-method> <!-- runScenario -->
        <test-method signature="runScenario(io.cucumber.testng.PickleWrapper,io.cucumber.testng.FeatureWrapper)[pri:0, instance:runners.TestRunner@366647c2]" started-at="2026-02-11T16:51:36 IST" name="runScenario" description="Runs Cucumber Scenarios" data-provider="scenarios" finished-at="2026-02-11T16:51:40 IST" duration-ms="3565" status="PASS">
          <params>
            <param index="0">
              <value>
                <![CDATA["Verify error message for invalid credentials"]]>
              </value>
            </param>
            <param index="1">
              <value>
                <![CDATA["Login Functionality"]]>
              </value>
            </param>
          </params>
          <reporter-output>
          </reporter-output>
        </test-method> <!-- runScenario -->
        <test-method signature="runScenario(io.cucumber.testng.PickleWrapper,io.cucumber.testng.FeatureWrapper)[pri:0, instance:runners.TestRunner@366647c2]" started-at="2026-02-11T16:51:40 IST" name="runScenario" description="Runs Cucumber Scenarios" data-provider="scenarios" finished-at="2026-02-11T16:51:42 IST" duration-ms="2589" status="PASS">
          <params>
            <param index="0">
              <value>
                <![CDATA["Navigate to registration page"]]>
              </value>
            </param>
            <param index="1">
              <value>
                <![CDATA["User Registration"]]>
              </value>
            </param>
          </params>
          <reporter-output>
          </reporter-output>
        </test-method> <!-- runScenario -->
        <test-method signature="runScenario(io.cucumber.testng.PickleWrapper,io.cucumber.testng.FeatureWrapper)[pri:0, instance:runners.TestRunner@366647c2]" started-at="2026-02-11T16:51:42 IST" name="runScenario" description="Runs Cucumber Scenarios" data-provider="scenarios" finished-at="2026-02-11T16:51:47 IST" duration-ms="5107" status="PASS">
          <params>
            <param index="0">
              <value>
                <![CDATA["Register a new user with valid information"]]>
              </value>
            </param>
            <param index="1">
              <value>
                <![CDATA["User Registration"]]>
              </value>
            </param>
          </params>
          <reporter-output>
          </reporter-output>
        </test-method> <!-- runScenario -->
        <test-method signature="runScenario(io.cucumber.testng.PickleWrapper,io.cucumber.testng.FeatureWrapper)[pri:0, instance:runners.TestRunner@366647c2]" started-at="2026-02-11T16:51:47 IST" name="runScenario" description="Runs Cucumber Scenarios" data-provider="scenarios" finished-at="2026-02-11T16:51:50 IST" duration-ms="3008" status="FAIL">
          <params>
            <param index="0">
              <value>
                <![CDATA["Register user with missing mandatory fields"]]>
              </value>
            </param>
            <param index="1">
              <value>
                <![CDATA["User Registration"]]>
              </value>
            </param>
          </params>
          <exception class="java.lang.AssertionError">
            <full-stacktrace>
              <![CDATA[java.lang.AssertionError: 
at org.testng.AssertJUnit.fail(AssertJUnit.java:65)
at org.testng.AssertJUnit.assertTrue(AssertJUnit.java:23)
at org.testng.AssertJUnit.assertTrue(AssertJUnit.java:33)
at stepdefinitions.RegistrationTest.validation_error_messages_should_be_displayed(RegistrationTest.java:57)
at ✽.validation error messages should be displayed(file:///C:/Users/HP/Desktop/ParaBank%20Selenium%20Automation/ParaBankSeleniumAutomation/src/test/resources/features/Registration.feature:16)
]]>
            </full-stacktrace>
          </exception> <!-- java.lang.AssertionError -->
          <reporter-output>
          </reporter-output>
        </test-method> <!-- runScenario -->
        <test-method signature="runScenario(io.cucumber.testng.PickleWrapper,io.cucumber.testng.FeatureWrapper)[pri:0, instance:runners.TestRunner@366647c2]" started-at="2026-02-11T16:51:50 IST" name="runScenario" description="Runs Cucumber Scenarios" data-provider="scenarios" finished-at="2026-02-11T16:51:58 IST" duration-ms="7595" status="PASS">
          <params>
            <param index="0">
              <value>
                <![CDATA["Verify registration page displays correctly"]]>
              </value>
            </param>
            <param index="1">
              <value>
                <![CDATA["User Registration"]]>
              </value>
            </param>
          </params>
          <reporter-output>
          </reporter-output>
        </test-method> <!-- runScenario -->
        <test-method signature="runScenario(io.cucumber.testng.PickleWrapper,io.cucumber.testng.FeatureWrapper)[pri:0, instance:runners.TestRunner@366647c2]" started-at="2026-02-11T16:51:58 IST" name="runScenario" description="Runs Cucumber Scenarios" data-provider="scenarios" finished-at="2026-02-11T16:52:04 IST" duration-ms="5964" status="PASS">
          <params>
            <param index="0">
              <value>
                <![CDATA["Verify overview page"]]>
              </value>
            </param>
            <param index="1">
              <value>
                <![CDATA["Account Overview"]]>
              </value>
            </param>
          </params>
          <reporter-output>
          </reporter-output>
        </test-method> <!-- runScenario -->
        <test-method signature="runScenario(io.cucumber.testng.PickleWrapper,io.cucumber.testng.FeatureWrapper)[pri:0, instance:runners.TestRunner@366647c2]" started-at="2026-02-11T16:52:04 IST" name="runScenario" description="Runs Cucumber Scenarios" data-provider="scenarios" finished-at="2026-02-11T16:52:50 IST" duration-ms="46114" status="PASS">
          <params>
            <param index="0">
              <value>
                <![CDATA["Verify account overview and balances"]]>
              </value>
            </param>
            <param index="1">
              <value>
                <![CDATA["Account Overview"]]>
              </value>
            </param>
          </params>
          <reporter-output>
          </reporter-output>
        </test-method> <!-- runScenario -->
        <test-method signature="runScenario(io.cucumber.testng.PickleWrapper,io.cucumber.testng.FeatureWrapper)[pri:0, instance:runners.TestRunner@366647c2]" started-at="2026-02-11T16:52:50 IST" name="runScenario" description="Runs Cucumber Scenarios" data-provider="scenarios" finished-at="2026-02-11T16:52:54 IST" duration-ms="3832" status="PASS">
          <params>
            <param index="0">
              <value>
                <![CDATA["Navigate to bill pay"]]>
              </value>
            </param>
            <param index="1">
              <value>
                <![CDATA["Bill Pay"]]>
              </value>
            </param>
          </params>
          <reporter-output>
          </reporter-output>
        </test-method> <!-- runScenario -->
        <test-method signature="runScenario(io.cucumber.testng.PickleWrapper,io.cucumber.testng.FeatureWrapper)[pri:0, instance:runners.TestRunner@366647c2]" started-at="2026-02-11T16:52:54 IST" name="runScenario" description="Runs Cucumber Scenarios" data-provider="scenarios" finished-at="2026-02-11T16:53:02 IST" duration-ms="8297" status="PASS">
          <params>
            <param index="0">
              <value>
                <![CDATA["Valid bill payment"]]>
              </value>
            </param>
            <param index="1">
              <value>
                <![CDATA["Bill Pay"]]>
              </value>
            </param>
          </params>
          <reporter-output>
          </reporter-output>
        </test-method> <!-- runScenario -->
        <test-method signature="runScenario(io.cucumber.testng.PickleWrapper,io.cucumber.testng.FeatureWrapper)[pri:0, instance:runners.TestRunner@366647c2]" started-at="2026-02-11T16:53:02 IST" name="runScenario" description="Runs Cucumber Scenarios" data-provider="scenarios" finished-at="2026-02-11T16:53:11 IST" duration-ms="9160" status="PASS">
          <params>
            <param index="0">
              <value>
                <![CDATA["Invalid bill payment"]]>
              </value>
            </param>
            <param index="1">
              <value>
                <![CDATA["Bill Pay"]]>
              </value>
            </param>
          </params>
          <reporter-output>
          </reporter-output>
        </test-method> <!-- runScenario -->
        <test-method signature="runScenario(io.cucumber.testng.PickleWrapper,io.cucumber.testng.FeatureWrapper)[pri:0, instance:runners.TestRunner@366647c2]" started-at="2026-02-11T16:53:11 IST" name="runScenario" description="Runs Cucumber Scenarios" data-provider="scenarios" finished-at="2026-02-11T16:53:21 IST" duration-ms="9496" status="PASS">
          <params>
            <param index="0">
              <value>
                <![CDATA["Bill payment with amount greater than balance"]]>
              </value>
            </param>
            <param index="1">
              <value>
                <![CDATA["Bill Pay"]]>
              </value>
            </param>
          </params>
          <reporter-output>
          </reporter-output>
        </test-method> <!-- runScenario -->
        <test-method signature="runScenario(io.cucumber.testng.PickleWrapper,io.cucumber.testng.FeatureWrapper)[pri:0, instance:runners.TestRunner@366647c2]" started-at="2026-02-11T16:53:21 IST" name="runScenario" description="Runs Cucumber Scenarios" data-provider="scenarios" finished-at="2026-02-11T16:53:27 IST" duration-ms="6134" status="PASS">
          <params>
            <param index="0">
              <value>
                <![CDATA["Verify logout"]]>
              </value>
            </param>
            <param index="1">
              <value>
                <![CDATA["Logout"]]>
              </value>
            </param>
          </params>
          <reporter-output>
          </reporter-output>
        </test-method> <!-- runScenario -->
        <test-method signature="runScenario(io.cucumber.testng.PickleWrapper,io.cucumber.testng.FeatureWrapper)[pri:0, instance:runners.TestRunner@366647c2]" started-at="2026-02-11T16:53:27 IST" name="runScenario" description="Runs Cucumber Scenarios" data-provider="scenarios" finished-at="2026-02-11T16:53:34 IST" duration-ms="6798" status="PASS">
          <params>
            <param index="0">
              <value>
                <![CDATA["Verify session ends after logout"]]>
              </value>
            </param>
            <param index="1">
              <value>
                <![CDATA["Logout"]]>
              </value>
            </param>
          </params>
          <reporter-output>
          </reporter-output>
        </test-method> <!-- runScenario -->
        <test-method signature="runScenario(io.cucumber.testng.PickleWrapper,io.cucumber.testng.FeatureWrapper)[pri:0, instance:runners.TestRunner@366647c2]" started-at="2026-02-11T16:53:34 IST" name="runScenario" description="Runs Cucumber Scenarios" data-provider="scenarios" finished-at="2026-02-11T16:53:37 IST" duration-ms="3396" status="PASS">
          <params>
            <param index="0">
              <value>
                <![CDATA["Navigate to transfer page"]]>
              </value>
            </param>
            <param index="1">
              <value>
                <![CDATA["Transfer Funds"]]>
              </value>
            </param>
          </params>
          <reporter-output>
          </reporter-output>
        </test-method> <!-- runScenario -->
        <test-method signature="runScenario(io.cucumber.testng.PickleWrapper,io.cucumber.testng.FeatureWrapper)[pri:0, instance:runners.TestRunner@366647c2]" started-at="2026-02-11T16:53:37 IST" name="runScenario" description="Runs Cucumber Scenarios" data-provider="scenarios" finished-at="2026-02-11T16:53:41 IST" duration-ms="3634" status="PASS">
          <params>
            <param index="0">
              <value>
                <![CDATA["Valid transfer"]]>
              </value>
            </param>
            <param index="1">
              <value>
                <![CDATA["Transfer Funds"]]>
              </value>
            </param>
          </params>
          <reporter-output>
          </reporter-output>
        </test-method> <!-- runScenario -->
        <test-method signature="runScenario(io.cucumber.testng.PickleWrapper,io.cucumber.testng.FeatureWrapper)[pri:0, instance:runners.TestRunner@366647c2]" started-at="2026-02-11T16:53:41 IST" name="runScenario" description="Runs Cucumber Scenarios" data-provider="scenarios" finished-at="2026-02-11T16:53:49 IST" duration-ms="8043" status="PASS">
          <params>
            <param index="0">
              <value>
                <![CDATA["Invalid transfer"]]>
              </value>
            </param>
            <param index="1">
              <value>
                <![CDATA["Transfer Funds"]]>
              </value>
            </param>
          </params>
          <reporter-output>
          </reporter-output>
        </test-method> <!-- runScenario -->
        <test-method signature="runScenario(io.cucumber.testng.PickleWrapper,io.cucumber.testng.FeatureWrapper)[pri:0, instance:runners.TestRunner@366647c2]" started-at="2026-02-11T16:53:49 IST" name="runScenario" description="Runs Cucumber Scenarios" data-provider="scenarios" finished-at="2026-02-11T16:53:58 IST" duration-ms="9556" status="PASS">
          <params>
            <param index="0">
              <value>
                <![CDATA["Transfer amount greater than available balance"]]>
              </value>
            </param>
            <param index="1">
              <value>
                <![CDATA["Transfer Funds"]]>
              </value>
            </param>
          </params>
          <reporter-output>
          </reporter-output>
        </test-method> <!-- runScenario -->
        <test-method signature="runScenario(io.cucumber.testng.PickleWrapper,io.cucumber.testng.FeatureWrapper)[pri:0, instance:runners.TestRunner@366647c2]" started-at="2026-02-11T16:53:58 IST" name="runScenario" description="Runs Cucumber Scenarios" data-provider="scenarios" finished-at="2026-02-11T16:54:02 IST" duration-ms="3450" status="PASS">
          <params>
            <param index="0">
              <value>
                <![CDATA["Navigate to contact update"]]>
              </value>
            </param>
            <param index="1">
              <value>
                <![CDATA["Update Contact Info"]]>
              </value>
            </param>
          </params>
          <reporter-output>
          </reporter-output>
        </test-method> <!-- runScenario -->
        <test-method signature="runScenario(io.cucumber.testng.PickleWrapper,io.cucumber.testng.FeatureWrapper)[pri:0, instance:runners.TestRunner@366647c2]" started-at="2026-02-11T16:54:02 IST" name="runScenario" description="Runs Cucumber Scenarios" data-provider="scenarios" finished-at="2026-02-11T16:54:09 IST" duration-ms="7205" status="PASS">
          <params>
            <param index="0">
              <value>
                <![CDATA["Update valid data"]]>
              </value>
            </param>
            <param index="1">
              <value>
                <![CDATA["Update Contact Info"]]>
              </value>
            </param>
          </params>
          <reporter-output>
          </reporter-output>
        </test-method> <!-- runScenario -->
        <test-method signature="runScenario(io.cucumber.testng.PickleWrapper,io.cucumber.testng.FeatureWrapper)[pri:0, instance:runners.TestRunner@366647c2]" started-at="2026-02-11T16:54:09 IST" name="runScenario" description="Runs Cucumber Scenarios" data-provider="scenarios" finished-at="2026-02-11T16:54:13 IST" duration-ms="3660" status="PASS">
          <params>
            <param index="0">
              <value>
                <![CDATA["Update invalid data"]]>
              </value>
            </param>
            <param index="1">
              <value>
                <![CDATA["Update Contact Info"]]>
              </value>
            </param>
          </params>
          <reporter-output>
          </reporter-output>
        </test-method> <!-- runScenario -->
        <test-method signature="runScenario(io.cucumber.testng.PickleWrapper,io.cucumber.testng.FeatureWrapper)[pri:0, instance:runners.TestRunner@366647c2]" started-at="2026-02-11T16:54:13 IST" name="runScenario" description="Runs Cucumber Scenarios" data-provider="scenarios" finished-at="2026-02-11T16:54:18 IST" duration-ms="5151" status="PASS">
          <params>
            <param index="0">
              <value>
                <![CDATA["Verify update page displays correctly"]]>
              </value>
            </param>
            <param index="1">
              <value>
                <![CDATA["Update Contact Info"]]>
              </value>
            </param>
          </params>
          <reporter-output>
          </reporter-output>
        </test-method> <!-- runScenario -->
        <test-method is-config="true" signature="tearDownClass()[pri:0, instance:runners.TestRunner@366647c2]" started-at="2026-02-11T16:54:18 IST" name="tearDownClass" finished-at="2026-02-11T16:54:18 IST" duration-ms="61" status="PASS">
          <reporter-output>
          </reporter-output>
        </test-method> <!-- tearDownClass -->
      </class> <!-- runners.TestRunner -->
    </test> <!-- Test -->
  </suite> <!-- Suite -->
</testng-results>
