<?xml version="1.0" encoding="UTF-8"?>
<testng-results ignored="0" total="22" passed="22" failed="0" skipped="0">
  <reporter-output>
  </reporter-output>
  <suite started-at="2026-02-10T15:38:23 IST" name="Suite" finished-at="2026-02-10T15:40:32 IST" duration-ms="129629">
    <groups>
      <group name="cucumber">
        <method signature="AbstractTestNGCucumberTests.runScenario(io.cucumber.testng.PickleWrapper,io.cucumber.testng.FeatureWrapper)[pri:0, instance:runners.TestRunner@53aad5d5]" name="runScenario" class="io.cucumber.testng.AbstractTestNGCucumberTests"/>
      </group> <!-- cucumber -->
    </groups>
    <test started-at="2026-02-10T15:38:23 IST" name="Test" finished-at="2026-02-10T15:40:32 IST" duration-ms="129629">
      <class name="runners.TestRunner">
        <test-method is-config="true" signature="setUpClass(org.testng.ITestContext)[pri:0, instance:runners.TestRunner@53aad5d5]" started-at="2026-02-10T15:38:23 IST" name="setUpClass" finished-at="2026-02-10T15:38:23 IST" duration-ms="466" status="PASS">
          <params>
            <param index="0">
              <value>
                <![CDATA[org.testng.TestRunner@109188b4]]>
              </value>
            </param>
          </params>
          <reporter-output>
          </reporter-output>
        </test-method> <!-- setUpClass -->
        <test-method signature="runScenario(io.cucumber.testng.PickleWrapper,io.cucumber.testng.FeatureWrapper)[pri:0, instance:runners.TestRunner@53aad5d5]" started-at="2026-02-10T15:38:23 IST" name="runScenario" description="Runs Cucumber Scenarios" data-provider="scenarios" finished-at="2026-02-10T15:38:29 IST" duration-ms="5414" status="PASS">
          <params>
            <param index="0">
              <value>
                <![CDATA["Login with valid credentials"]]>
              </value>
            </param>
            <param index="1">
              <value>
                <![CDATA["Login Module"]]>
              </value>
            </param>
          </params>
          <reporter-output>
          </reporter-output>
        </test-method> <!-- runScenario -->
        <test-method signature="runScenario(io.cucumber.testng.PickleWrapper,io.cucumber.testng.FeatureWrapper)[pri:0, instance:runners.TestRunner@53aad5d5]" started-at="2026-02-10T15:38:29 IST" name="runScenario" description="Runs Cucumber Scenarios" data-provider="scenarios" finished-at="2026-02-10T15:38:34 IST" duration-ms="5447" status="PASS">
          <params>
            <param index="0">
              <value>
                <![CDATA["Login with invalid username"]]>
              </value>
            </param>
            <param index="1">
              <value>
                <![CDATA["Login Module"]]>
              </value>
            </param>
          </params>
          <reporter-output>
          </reporter-output>
        </test-method> <!-- runScenario -->
        <test-method signature="runScenario(io.cucumber.testng.PickleWrapper,io.cucumber.testng.FeatureWrapper)[pri:0, instance:runners.TestRunner@53aad5d5]" started-at="2026-02-10T15:38:34 IST" name="runScenario" description="Runs Cucumber Scenarios" data-provider="scenarios" finished-at="2026-02-10T15:38:40 IST" duration-ms="5421" status="PASS">
          <params>
            <param index="0">
              <value>
                <![CDATA["Login with invalid password"]]>
              </value>
            </param>
            <param index="1">
              <value>
                <![CDATA["Login Module"]]>
              </value>
            </param>
          </params>
          <reporter-output>
          </reporter-output>
        </test-method> <!-- runScenario -->
        <test-method signature="runScenario(io.cucumber.testng.PickleWrapper,io.cucumber.testng.FeatureWrapper)[pri:0, instance:runners.TestRunner@53aad5d5]" started-at="2026-02-10T15:38:40 IST" name="runScenario" description="Runs Cucumber Scenarios" data-provider="scenarios" finished-at="2026-02-10T15:38:44 IST" duration-ms="4283" status="PASS">
          <params>
            <param index="0">
              <value>
                <![CDATA["Login with blank credentials"]]>
              </value>
            </param>
            <param index="1">
              <value>
                <![CDATA["Login Module"]]>
              </value>
            </param>
          </params>
          <reporter-output>
          </reporter-output>
        </test-method> <!-- runScenario -->
        <test-method signature="runScenario(io.cucumber.testng.PickleWrapper,io.cucumber.testng.FeatureWrapper)[pri:0, instance:runners.TestRunner@53aad5d5]" started-at="2026-02-10T15:38:44 IST" name="runScenario" description="Runs Cucumber Scenarios" data-provider="scenarios" finished-at="2026-02-10T15:38:47 IST" duration-ms="3102" status="PASS">
          <params>
            <param index="0">
              <value>
                <![CDATA["Verify UI elements"]]>
              </value>
            </param>
            <param index="1">
              <value>
                <![CDATA["Login Module"]]>
              </value>
            </param>
          </params>
          <reporter-output>
          </reporter-output>
        </test-method> <!-- runScenario -->
        <test-method signature="runScenario(io.cucumber.testng.PickleWrapper,io.cucumber.testng.FeatureWrapper)[pri:0, instance:runners.TestRunner@53aad5d5]" started-at="2026-02-10T15:38:47 IST" name="runScenario" description="Runs Cucumber Scenarios" data-provider="scenarios" finished-at="2026-02-10T15:38:51 IST" duration-ms="4479" status="PASS">
          <params>
            <param index="0">
              <value>
                <![CDATA["Navigate to registration page"]]>
              </value>
            </param>
            <param index="1">
              <value>
                <![CDATA["User Registration"]]>
              </value>
            </param>
          </params>
          <reporter-output>
          </reporter-output>
        </test-method> <!-- runScenario -->
        <test-method signature="runScenario(io.cucumber.testng.PickleWrapper,io.cucumber.testng.FeatureWrapper)[pri:0, instance:runners.TestRunner@53aad5d5]" started-at="2026-02-10T15:38:51 IST" name="runScenario" description="Runs Cucumber Scenarios" data-provider="scenarios" finished-at="2026-02-10T15:38:57 IST" duration-ms="5518" status="PASS">
          <params>
            <param index="0">
              <value>
                <![CDATA["Register a new user with valid information"]]>
              </value>
            </param>
            <param index="1">
              <value>
                <![CDATA["User Registration"]]>
              </value>
            </param>
          </params>
          <reporter-output>
          </reporter-output>
        </test-method> <!-- runScenario -->
        <test-method signature="runScenario(io.cucumber.testng.PickleWrapper,io.cucumber.testng.FeatureWrapper)[pri:0, instance:runners.TestRunner@53aad5d5]" started-at="2026-02-10T15:38:57 IST" name="runScenario" description="Runs Cucumber Scenarios" data-provider="scenarios" finished-at="2026-02-10T15:39:01 IST" duration-ms="4010" status="PASS">
          <params>
            <param index="0">
              <value>
                <![CDATA["Register user with missing mandatory fields"]]>
              </value>
            </param>
            <param index="1">
              <value>
                <![CDATA["User Registration"]]>
              </value>
            </param>
          </params>
          <reporter-output>
          </reporter-output>
        </test-method> <!-- runScenario -->
        <test-method signature="runScenario(io.cucumber.testng.PickleWrapper,io.cucumber.testng.FeatureWrapper)[pri:0, instance:runners.TestRunner@53aad5d5]" started-at="2026-02-10T15:39:01 IST" name="runScenario" description="Runs Cucumber Scenarios" data-provider="scenarios" finished-at="2026-02-10T15:39:11 IST" duration-ms="9547" status="PASS">
          <params>
            <param index="0">
              <value>
                <![CDATA["Verify overview page"]]>
              </value>
            </param>
            <param index="1">
              <value>
                <![CDATA["Account Overview"]]>
              </value>
            </param>
          </params>
          <reporter-output>
          </reporter-output>
        </test-method> <!-- runScenario -->
        <test-method signature="runScenario(io.cucumber.testng.PickleWrapper,io.cucumber.testng.FeatureWrapper)[pri:0, instance:runners.TestRunner@53aad5d5]" started-at="2026-02-10T15:39:11 IST" name="runScenario" description="Runs Cucumber Scenarios" data-provider="scenarios" finished-at="2026-02-10T15:39:16 IST" duration-ms="5145" status="PASS">
          <params>
            <param index="0">
              <value>
                <![CDATA["Verify account overview and balances"]]>
              </value>
            </param>
            <param index="1">
              <value>
                <![CDATA["Account Overview"]]>
              </value>
            </param>
          </params>
          <reporter-output>
          </reporter-output>
        </test-method> <!-- runScenario -->
        <test-method signature="runScenario(io.cucumber.testng.PickleWrapper,io.cucumber.testng.FeatureWrapper)[pri:0, instance:runners.TestRunner@53aad5d5]" started-at="2026-02-10T15:39:16 IST" name="runScenario" description="Runs Cucumber Scenarios" data-provider="scenarios" finished-at="2026-02-10T15:39:25 IST" duration-ms="8965" status="PASS">
          <params>
            <param index="0">
              <value>
                <![CDATA["Navigate to bill pay"]]>
              </value>
            </param>
            <param index="1">
              <value>
                <![CDATA["Bill Pay"]]>
              </value>
            </param>
          </params>
          <reporter-output>
          </reporter-output>
        </test-method> <!-- runScenario -->
        <test-method signature="runScenario(io.cucumber.testng.PickleWrapper,io.cucumber.testng.FeatureWrapper)[pri:0, instance:runners.TestRunner@53aad5d5]" started-at="2026-02-10T15:39:25 IST" name="runScenario" description="Runs Cucumber Scenarios" data-provider="scenarios" finished-at="2026-02-10T15:39:31 IST" duration-ms="6186" status="PASS">
          <params>
            <param index="0">
              <value>
                <![CDATA["Valid bill payment"]]>
              </value>
            </param>
            <param index="1">
              <value>
                <![CDATA["Bill Pay"]]>
              </value>
            </param>
          </params>
          <reporter-output>
          </reporter-output>
        </test-method> <!-- runScenario -->
        <test-method signature="runScenario(io.cucumber.testng.PickleWrapper,io.cucumber.testng.FeatureWrapper)[pri:0, instance:runners.TestRunner@53aad5d5]" started-at="2026-02-10T15:39:31 IST" name="runScenario" description="Runs Cucumber Scenarios" data-provider="scenarios" finished-at="2026-02-10T15:39:36 IST" duration-ms="5680" status="PASS">
          <params>
            <param index="0">
              <value>
                <![CDATA["Invalid bill payment"]]>
              </value>
            </param>
            <param index="1">
              <value>
                <![CDATA["Bill Pay"]]>
              </value>
            </param>
          </params>
          <reporter-output>
          </reporter-output>
        </test-method> <!-- runScenario -->
        <test-method signature="runScenario(io.cucumber.testng.PickleWrapper,io.cucumber.testng.FeatureWrapper)[pri:0, instance:runners.TestRunner@53aad5d5]" started-at="2026-02-10T15:39:36 IST" name="runScenario" description="Runs Cucumber Scenarios" data-provider="scenarios" finished-at="2026-02-10T15:39:46 IST" duration-ms="9232" status="PASS">
          <params>
            <param index="0">
              <value>
                <![CDATA["Bill payment with amount greater than balance"]]>
              </value>
            </param>
            <param index="1">
              <value>
                <![CDATA["Bill Pay"]]>
              </value>
            </param>
          </params>
          <reporter-output>
          </reporter-output>
        </test-method> <!-- runScenario -->
        <test-method signature="runScenario(io.cucumber.testng.PickleWrapper,io.cucumber.testng.FeatureWrapper)[pri:0, instance:runners.TestRunner@53aad5d5]" started-at="2026-02-10T15:39:46 IST" name="runScenario" description="Runs Cucumber Scenarios" data-provider="scenarios" finished-at="2026-02-10T15:39:51 IST" duration-ms="5018" status="PASS">
          <params>
            <param index="0">
              <value>
                <![CDATA["Verify logout"]]>
              </value>
            </param>
            <param index="1">
              <value>
                <![CDATA["Logout"]]>
              </value>
            </param>
          </params>
          <reporter-output>
          </reporter-output>
        </test-method> <!-- runScenario -->
        <test-method signature="runScenario(io.cucumber.testng.PickleWrapper,io.cucumber.testng.FeatureWrapper)[pri:0, instance:runners.TestRunner@53aad5d5]" started-at="2026-02-10T15:39:51 IST" name="runScenario" description="Runs Cucumber Scenarios" data-provider="scenarios" finished-at="2026-02-10T15:39:58 IST" duration-ms="6899" status="PASS">
          <params>
            <param index="0">
              <value>
                <![CDATA["Navigate to transfer page"]]>
              </value>
            </param>
            <param index="1">
              <value>
                <![CDATA["Transfer Funds"]]>
              </value>
            </param>
          </params>
          <reporter-output>
          </reporter-output>
        </test-method> <!-- runScenario -->
        <test-method signature="runScenario(io.cucumber.testng.PickleWrapper,io.cucumber.testng.FeatureWrapper)[pri:0, instance:runners.TestRunner@53aad5d5]" started-at="2026-02-10T15:39:58 IST" name="runScenario" description="Runs Cucumber Scenarios" data-provider="scenarios" finished-at="2026-02-10T15:40:04 IST" duration-ms="6399" status="PASS">
          <params>
            <param index="0">
              <value>
                <![CDATA["Valid transfer"]]>
              </value>
            </param>
            <param index="1">
              <value>
                <![CDATA["Transfer Funds"]]>
              </value>
            </param>
          </params>
          <reporter-output>
          </reporter-output>
        </test-method> <!-- runScenario -->
        <test-method signature="runScenario(io.cucumber.testng.PickleWrapper,io.cucumber.testng.FeatureWrapper)[pri:0, instance:runners.TestRunner@53aad5d5]" started-at="2026-02-10T15:40:04 IST" name="runScenario" description="Runs Cucumber Scenarios" data-provider="scenarios" finished-at="2026-02-10T15:40:10 IST" duration-ms="5765" status="PASS">
          <params>
            <param index="0">
              <value>
                <![CDATA["Invalid transfer"]]>
              </value>
            </param>
            <param index="1">
              <value>
                <![CDATA["Transfer Funds"]]>
              </value>
            </param>
          </params>
          <reporter-output>
          </reporter-output>
        </test-method> <!-- runScenario -->
        <test-method signature="runScenario(io.cucumber.testng.PickleWrapper,io.cucumber.testng.FeatureWrapper)[pri:0, instance:runners.TestRunner@53aad5d5]" started-at="2026-02-10T15:40:10 IST" name="runScenario" description="Runs Cucumber Scenarios" data-provider="scenarios" finished-at="2026-02-10T15:40:15 IST" duration-ms="5009" status="PASS">
          <params>
            <param index="0">
              <value>
                <![CDATA["Transfer amount greater than available balance"]]>
              </value>
            </param>
            <param index="1">
              <value>
                <![CDATA["Transfer Funds"]]>
              </value>
            </param>
          </params>
          <reporter-output>
          </reporter-output>
        </test-method> <!-- runScenario -->
        <test-method signature="runScenario(io.cucumber.testng.PickleWrapper,io.cucumber.testng.FeatureWrapper)[pri:0, instance:runners.TestRunner@53aad5d5]" started-at="2026-02-10T15:40:15 IST" name="runScenario" description="Runs Cucumber Scenarios" data-provider="scenarios" finished-at="2026-02-10T15:40:19 IST" duration-ms="4066" status="PASS">
          <params>
            <param index="0">
              <value>
                <![CDATA["Navigate to contact update"]]>
              </value>
            </param>
            <param index="1">
              <value>
                <![CDATA["Update Contact Info"]]>
              </value>
            </param>
          </params>
          <reporter-output>
          </reporter-output>
        </test-method> <!-- runScenario -->
        <test-method signature="runScenario(io.cucumber.testng.PickleWrapper,io.cucumber.testng.FeatureWrapper)[pri:0, instance:runners.TestRunner@53aad5d5]" started-at="2026-02-10T15:40:19 IST" name="runScenario" description="Runs Cucumber Scenarios" data-provider="scenarios" finished-at="2026-02-10T15:40:28 IST" duration-ms="8892" status="PASS">
          <params>
            <param index="0">
              <value>
                <![CDATA["Update valid data"]]>
              </value>
            </param>
            <param index="1">
              <value>
                <![CDATA["Update Contact Info"]]>
              </value>
            </param>
          </params>
          <reporter-output>
          </reporter-output>
        </test-method> <!-- runScenario -->
        <test-method signature="runScenario(io.cucumber.testng.PickleWrapper,io.cucumber.testng.FeatureWrapper)[pri:0, instance:runners.TestRunner@53aad5d5]" started-at="2026-02-10T15:40:28 IST" name="runScenario" description="Runs Cucumber Scenarios" data-provider="scenarios" finished-at="2026-02-10T15:40:32 IST" duration-ms="4592" status="PASS">
          <params>
            <param index="0">
              <value>
                <![CDATA["Update invalid data"]]>
              </value>
            </param>
            <param index="1">
              <value>
                <![CDATA["Update Contact Info"]]>
              </value>
            </param>
          </params>
          <reporter-output>
          </reporter-output>
        </test-method> <!-- runScenario -->
        <test-method is-config="true" signature="tearDownClass()[pri:0, instance:runners.TestRunner@53aad5d5]" started-at="2026-02-10T15:40:32 IST" name="tearDownClass" finished-at="2026-02-10T15:40:32 IST" duration-ms="43" status="PASS">
          <reporter-output>
          </reporter-output>
        </test-method> <!-- tearDownClass -->
      </class> <!-- runners.TestRunner -->
    </test> <!-- Test -->
  </suite> <!-- Suite -->
</testng-results>
