<?xml version="1.0" encoding="UTF-8"?>
<!-- Generated by org.testng.reporters.JUnitReportReporter -->
<testsuite hostname="Reddy" failures="1" tests="27" name="runners.TestRunner" time="232.552" errors="0" timestamp="2026-02-11T16:54:18 IST" skipped="0">
  <testcase classname="runners.TestRunner" name="runScenario" time="3.798"/>
  <testcase classname="runners.TestRunner" name="runScenario" time="6.134"/>
  <testcase classname="runners.TestRunner" name="runScenario" time="5.107"/>
  <testcase classname="runners.TestRunner" name="runScenario" time="9.160"/>
  <testcase classname="runners.TestRunner" name="runScenario" time="3.008">
    <failure message="" type="java.lang.AssertionError">
      <![CDATA[java.lang.AssertionError: 
at org.testng.AssertJUnit.fail(AssertJUnit.java:65)
at org.testng.AssertJUnit.assertTrue(AssertJUnit.java:23)
at org.testng.AssertJUnit.assertTrue(AssertJUnit.java:33)
at stepdefinitions.RegistrationTest.validation_error_messages_should_be_displayed(RegistrationTest.java:57)
at ✽.validation error messages should be displayed(file:///C:/Users/HP/Desktop/ParaBank%20Selenium%20Automation/ParaBankSeleniumAutomation/src/test/resources/features/Registration.feature:16)
]]>
    </failure>
  </testcase> <!-- runScenario -->
  <testcase classname="runners.TestRunner" name="runScenario" time="3.450"/>
  <testcase classname="runners.TestRunner" name="runScenario" time="7.595"/>
  <testcase classname="runners.TestRunner" name="runScenario" time="3.634"/>
  <testcase classname="runners.TestRunner" name="runScenario" time="9.496"/>
  <testcase classname="runners.TestRunner" name="runScenario" time="5.964"/>
  <testcase classname="runners.TestRunner" name="runScenario" time="7.205"/>
  <testcase classname="runners.TestRunner" name="runScenario" time="8.297"/>
  <testcase classname="runners.TestRunner" name="runScenario" time="2.589"/>
  <testcase classname="runners.TestRunner" name="runScenario" time="6.798"/>
  <testcase classname="runners.TestRunner" name="runScenario" time="5.823"/>
  <testcase classname="runners.TestRunner" name="runScenario" time="46.114"/>
  <testcase classname="runners.TestRunner" name="runScenario" time="3.565"/>
  <testcase classname="runners.TestRunner" name="runScenario" time="5.151"/>
  <testcase classname="runners.TestRunner" name="runScenario" time="17.906"/>
  <testcase classname="runners.TestRunner" name="runScenario" time="3.660"/>
  <testcase classname="runners.TestRunner" name="runScenario" time="26.033"/>
  <testcase classname="runners.TestRunner" name="runScenario" time="8.022"/>
  <testcase classname="runners.TestRunner" name="runScenario" time="8.043"/>
  <testcase classname="runners.TestRunner" name="runScenario" time="9.216"/>
  <testcase classname="runners.TestRunner" name="runScenario" time="3.832"/>
  <testcase classname="runners.TestRunner" name="runScenario" time="9.556"/>
  <testcase classname="runners.TestRunner" name="runScenario" time="3.396"/>
</testsuite> <!-- runners.TestRunner -->
