<?xml version="1.0" encoding="UTF-8"?>
<!-- Generated by org.testng.reporters.JUnitReportReporter -->
<testsuite hostname="Reddy" failures="0" tests="20" name="runners.TestRunner" time="305.854" errors="1" timestamp="2026-02-09T12:06:11 IST" skipped="0">
  <testcase classname="runners.TestRunner" name="runScenario" time="8.378"/>
  <testcase classname="runners.TestRunner" name="runScenario" time="3.678"/>
  <testcase classname="runners.TestRunner" name="runScenario" time="4.641"/>
  <testcase classname="runners.TestRunner" name="runScenario" time="3.649"/>
  <testcase classname="runners.TestRunner" name="runScenario" time="4.288"/>
  <testcase classname="runners.TestRunner" name="runScenario" time="6.285"/>
  <testcase classname="runners.TestRunner" name="runScenario" time="4.800"/>
  <testcase classname="runners.TestRunner" name="runScenario" time="3.662"/>
  <testcase classname="runners.TestRunner" name="runScenario" time="6.758"/>
  <testcase classname="runners.TestRunner" name="runScenario" time="16.678"/>
  <testcase classname="runners.TestRunner" name="runScenario" time="68.423"/>
  <testcase classname="runners.TestRunner" name="runScenario" time="15.184"/>
  <testcase classname="runners.TestRunner" name="runScenario" time="7.262"/>
  <testcase classname="runners.TestRunner" name="runScenario" time="6.154"/>
  <testcase classname="runners.TestRunner" name="runScenario" time="11.884"/>
  <testcase classname="runners.TestRunner" name="runScenario" time="9.280"/>
  <testcase classname="runners.TestRunner" name="runScenario" time="107.174">
    <error message="Expected condition failed: waiting for visibility of Proxy element for: DefaultElementLocator &#039;By.name: username&#039;
(tried for 15 seconds with 500 milliseconds interval)" type="org.openqa.selenium.TimeoutException">
      <![CDATA[org.openqa.selenium.TimeoutException: Expected condition failed: waiting for visibility of Proxy element for: DefaultElementLocator 'By.name: username'
(tried for 15 seconds with 500 milliseconds interval)
at org.openqa.selenium.support.ui.WebDriverWait.timeoutException(WebDriverWait.java:84)
at org.openqa.selenium.support.ui.FluentWait.until(FluentWait.java:231)
at utils.WaitUtil.waitForVisibility(WaitUtil.java:22)
at pages.LoginPage.login(LoginPage.java:41)
at stepdefinitions.CommonSteps.user_is_logged_in(CommonSteps.java:14)
at âœ½.user is logged in(file:///C:/Users/HP/Desktop/ParaBank%20Selenium%20Automation/ParaBankSeleniumAutomation/src/test/resources/features/logout.feature:4)
Caused by: org.openqa.selenium.NoSuchElementException: no such element: Unable to locate element: {"method":"css selector","selector":"*[name='username']"}
  (Session info: chrome=144.0.7559.133)
For documentation on this error, please visit: https://www.selenium.dev/documentation/webdriver/troubleshooting/errors#nosuchelementexception
Build info: version: '4.40.0', revision: 'b3333f1'
System info: os.name: 'Windows 11', os.arch: 'amd64', os.version: '10.0', java.version: '21.0.10'
Driver info: org.openqa.selenium.chrome.ChromeDriver
Command: [8eda98d8bd94c815fbfa4f19bf4807a0, findElement {value=username, using=name}]
Capabilities {acceptInsecureCerts: false, browserName: chrome, browserVersion: 144.0.7559.133, chrome: {chromedriverVersion: 144.0.7559.133 (7da823b1d59..., userDataDir: C:\Users\HP\AppData\Local\T...}, fedcm:accounts: true, goog:chromeOptions: {debuggerAddress: localhost:50594}, goog:processID: 36200, networkConnectionEnabled: false, pageLoadStrategy: normal, platformName: windows, proxy: Proxy(), se:cdp: ws://localhost:50594/devtoo..., se:cdpVersion: 144.0.7559.133, setWindowRect: true, strictFileInteractability: false, timeouts: {implicit: 0, pageLoad: 300000, script: 30000}, unhandledPromptBehavior: dismiss and notify, webauthn:extension:credBlob: true, webauthn:extension:largeBlob: true, webauthn:extension:minPinLength: true, webauthn:extension:prf: true, webauthn:virtualAuthenticators: true}
Session ID: 8eda98d8bd94c815fbfa4f19bf4807a0
at org.openqa.selenium.remote.ErrorCodec.decode(ErrorCodec.java:169)
at org.openqa.selenium.remote.codec.w3c.W3CHttpResponseCodec.decode(W3CHttpResponseCodec.java:142)
at org.openqa.selenium.remote.codec.w3c.W3CHttpResponseCodec.decode(W3CHttpResponseCodec.java:49)
at org.openqa.selenium.remote.HttpCommandExecutor.execute(HttpCommandExecutor.java:223)
at org.openqa.selenium.remote.service.DriverCommandExecutor.invokeExecute(DriverCommandExecutor.java:216)
at org.openqa.selenium.remote.service.DriverCommandExecutor.execute(DriverCommandExecutor.java:174)
at org.openqa.selenium.remote.RemoteWebDriver.execute(RemoteWebDriver.java:601)
at org.openqa.selenium.remote.ElementLocation$ElementFinder$2.findElement(ElementLocation.java:166)
at org.openqa.selenium.remote.ElementLocation.findElement(ElementLocation.java:60)
at org.openqa.selenium.remote.RemoteWebDriver.findElement(RemoteWebDriver.java:424)
at org.openqa.selenium.remote.RemoteWebDriver.findElement(RemoteWebDriver.java:418)
at org.openqa.selenium.support.pagefactory.DefaultElementLocator.findElement(DefaultElementLocator.java:68)
at org.openqa.selenium.support.pagefactory.internal.LocatingElementHandler.invoke(LocatingElementHandler.java:38)
at jdk.proxy2/jdk.proxy2.$Proxy24.isDisplayed(Unknown Source)
at org.openqa.selenium.support.ui.ExpectedConditions.elementIfVisible(ExpectedConditions.java:367)
at org.openqa.selenium.support.ui.ExpectedConditions$10.apply(ExpectedConditions.java:353)
at org.openqa.selenium.support.ui.ExpectedConditions$10.apply(ExpectedConditions.java:350)
at org.openqa.selenium.support.ui.FluentWait.until(FluentWait.java:207)
... 4 more
]]>
    </error>
  </testcase> <!-- runScenario -->
  <testcase classname="runners.TestRunner" name="runScenario" time="4.088"/>
  <testcase classname="runners.TestRunner" name="runScenario" time="3.655"/>
  <testcase classname="runners.TestRunner" name="runScenario" time="9.933"/>
</testsuite> <!-- runners.TestRunner -->
