<?xml version="1.0" encoding="UTF-8"?>
<!-- Generated by org.testng.reporters.JUnitReportReporter -->
<testsuite hostname="Reddy" failures="0" tests="22" name="runners.TestRunner" time="129.069" errors="0" timestamp="2026-02-10T15:40:32 IST" skipped="0">
  <testcase classname="runners.TestRunner" name="runScenario" time="4.479"/>
  <testcase classname="runners.TestRunner" name="runScenario" time="9.547"/>
  <testcase classname="runners.TestRunner" name="runScenario" time="8.965"/>
  <testcase classname="runners.TestRunner" name="runScenario" time="5.414"/>
  <testcase classname="runners.TestRunner" name="runScenario" time="5.145"/>
  <testcase classname="runners.TestRunner" name="runScenario" time="9.232"/>
  <testcase classname="runners.TestRunner" name="runScenario" time="4.066"/>
  <testcase classname="runners.TestRunner" name="runScenario" time="3.102"/>
  <testcase classname="runners.TestRunner" name="runScenario" time="4.283"/>
  <testcase classname="runners.TestRunner" name="runScenario" time="8.892"/>
  <testcase classname="runners.TestRunner" name="runScenario" time="5.518"/>
  <testcase classname="runners.TestRunner" name="runScenario" time="5.009"/>
  <testcase classname="runners.TestRunner" name="runScenario" time="6.186"/>
  <testcase classname="runners.TestRunner" name="runScenario" time="5.018"/>
  <testcase classname="runners.TestRunner" name="runScenario" time="6.399"/>
  <testcase classname="runners.TestRunner" name="runScenario" time="5.765"/>
  <testcase classname="runners.TestRunner" name="runScenario" time="4.592"/>
  <testcase classname="runners.TestRunner" name="runScenario" time="4.010"/>
  <testcase classname="runners.TestRunner" name="runScenario" time="5.447"/>
  <testcase classname="runners.TestRunner" name="runScenario" time="5.421"/>
  <testcase classname="runners.TestRunner" name="runScenario" time="5.680"/>
  <testcase classname="runners.TestRunner" name="runScenario" time="6.899"/>
</testsuite> <!-- runners.TestRunner -->
