<?xml version="1.0" encoding="UTF-8"?>
<!-- Generated by org.testng.reporters.JUnitReportReporter -->
<testsuite hostname="Reddy" failures="0" tests="20" name="runners.TestRunner" time="125.834" errors="0" timestamp="2026-02-09T13:05:43 IST" skipped="0">
  <testcase classname="runners.TestRunner" name="runScenario" time="6.418"/>
  <testcase classname="runners.TestRunner" name="runScenario" time="2.193"/>
  <testcase classname="runners.TestRunner" name="runScenario" time="3.030"/>
  <testcase classname="runners.TestRunner" name="runScenario" time="2.794"/>
  <testcase classname="runners.TestRunner" name="runScenario" time="26.771"/>
  <testcase classname="runners.TestRunner" name="runScenario" time="6.271"/>
  <testcase classname="runners.TestRunner" name="runScenario" time="3.641"/>
  <testcase classname="runners.TestRunner" name="runScenario" time="5.758"/>
  <testcase classname="runners.TestRunner" name="runScenario" time="4.218"/>
  <testcase classname="runners.TestRunner" name="runScenario" time="9.033"/>
  <testcase classname="runners.TestRunner" name="runScenario" time="3.115"/>
  <testcase classname="runners.TestRunner" name="runScenario" time="3.616"/>
  <testcase classname="runners.TestRunner" name="runScenario" time="7.022"/>
  <testcase classname="runners.TestRunner" name="runScenario" time="3.369"/>
  <testcase classname="runners.TestRunner" name="runScenario" time="3.859"/>
  <testcase classname="runners.TestRunner" name="runScenario" time="6.848"/>
  <testcase classname="runners.TestRunner" name="runScenario" time="6.208"/>
  <testcase classname="runners.TestRunner" name="runScenario" time="14.251"/>
  <testcase classname="runners.TestRunner" name="runScenario" time="3.093"/>
  <testcase classname="runners.TestRunner" name="runScenario" time="4.326"/>
</testsuite> <!-- runners.TestRunner -->
