<?xml version="1.0" encoding="UTF-8"?>
<!-- Generated by org.testng.reporters.JUnitReportReporter -->
<testsuite hostname="Reddy" failures="0" tests="4" name="tests.LoginTest" time="27.336" errors="0" timestamp="2026-02-07T10:47:04 IST" skipped="0">
  <testcase classname="tests.LoginTest" name="invalidLogin2" time="6.658"/>
  <testcase classname="tests.LoginTest" name="invalidLogin1" time="5.608"/>
  <testcase classname="tests.LoginTest" name="validLogin" time="7.589"/>
  <testcase classname="tests.LoginTest" name="invalidLogin" time="7.481"/>
</testsuite> <!-- tests.LoginTest -->
