<?xml version="1.0" encoding="UTF-8"?>
<!-- Generated by org.testng.reporters.JUnitReportReporter -->
<testsuite hostname="Reddy" failures="0" tests="27" name="runners.TestRunner" time="188.752" errors="0" timestamp="2026-02-12T09:23:59 IST" skipped="0">
  <testcase classname="runners.TestRunner" name="runScenario" time="5.690"/>
  <testcase classname="runners.TestRunner" name="runScenario" time="7.014"/>
  <testcase classname="runners.TestRunner" name="runScenario" time="5.728"/>
  <testcase classname="runners.TestRunner" name="runScenario" time="20.110"/>
  <testcase classname="runners.TestRunner" name="runScenario" time="5.499"/>
  <testcase classname="runners.TestRunner" name="runScenario" time="4.961"/>
  <testcase classname="runners.TestRunner" name="runScenario" time="5.506"/>
  <testcase classname="runners.TestRunner" name="runScenario" time="5.189"/>
  <testcase classname="runners.TestRunner" name="runScenario" time="6.008"/>
  <testcase classname="runners.TestRunner" name="runScenario" time="4.205"/>
  <testcase classname="runners.TestRunner" name="runScenario" time="5.623"/>
  <testcase classname="runners.TestRunner" name="runScenario" time="5.468"/>
  <testcase classname="runners.TestRunner" name="runScenario" time="8.355"/>
  <testcase classname="runners.TestRunner" name="runScenario" time="6.522"/>
  <testcase classname="runners.TestRunner" name="runScenario" time="5.051"/>
  <testcase classname="runners.TestRunner" name="runScenario" time="6.146"/>
  <testcase classname="runners.TestRunner" name="runScenario" time="4.154"/>
  <testcase classname="runners.TestRunner" name="runScenario" time="5.032"/>
  <testcase classname="runners.TestRunner" name="runScenario" time="6.484"/>
  <testcase classname="runners.TestRunner" name="runScenario" time="6.804"/>
  <testcase classname="runners.TestRunner" name="runScenario" time="3.909"/>
  <testcase classname="runners.TestRunner" name="runScenario" time="7.965"/>
  <testcase classname="runners.TestRunner" name="runScenario" time="8.855"/>
  <testcase classname="runners.TestRunner" name="runScenario" time="5.435"/>
  <testcase classname="runners.TestRunner" name="runScenario" time="5.699"/>
  <testcase classname="runners.TestRunner" name="runScenario" time="5.133"/>
  <testcase classname="runners.TestRunner" name="runScenario" time="22.207"/>
</testsuite> <!-- runners.TestRunner -->
