<?xml version="1.0" encoding="UTF-8"?>
<!-- Generated by org.testng.reporters.JUnitReportReporter -->
<testsuite hostname="Reddy" failures="0" tests="27" name="runners.TestRunner" time="199.889" errors="0" timestamp="2026-02-11T20:55:51 IST" skipped="0">
  <testcase classname="runners.TestRunner" name="runScenario" time="7.623"/>
  <testcase classname="runners.TestRunner" name="runScenario" time="9.130"/>
  <testcase classname="runners.TestRunner" name="runScenario" time="9.560"/>
  <testcase classname="runners.TestRunner" name="runScenario" time="9.940"/>
  <testcase classname="runners.TestRunner" name="runScenario" time="4.400"/>
  <testcase classname="runners.TestRunner" name="runScenario" time="10.933"/>
  <testcase classname="runners.TestRunner" name="runScenario" time="6.122"/>
  <testcase classname="runners.TestRunner" name="runScenario" time="3.470"/>
  <testcase classname="runners.TestRunner" name="runScenario" time="3.449"/>
  <testcase classname="runners.TestRunner" name="runScenario" time="3.978"/>
  <testcase classname="runners.TestRunner" name="runScenario" time="5.183"/>
  <testcase classname="runners.TestRunner" name="runScenario" time="21.853"/>
  <testcase classname="runners.TestRunner" name="runScenario" time="8.940"/>
  <testcase classname="runners.TestRunner" name="runScenario" time="10.725"/>
  <testcase classname="runners.TestRunner" name="runScenario" time="3.741"/>
  <testcase classname="runners.TestRunner" name="runScenario" time="4.410"/>
  <testcase classname="runners.TestRunner" name="runScenario" time="9.869"/>
  <testcase classname="runners.TestRunner" name="runScenario" time="5.790"/>
  <testcase classname="runners.TestRunner" name="runScenario" time="3.754"/>
  <testcase classname="runners.TestRunner" name="runScenario" time="10.459"/>
  <testcase classname="runners.TestRunner" name="runScenario" time="8.922"/>
  <testcase classname="runners.TestRunner" name="runScenario" time="8.991"/>
  <testcase classname="runners.TestRunner" name="runScenario" time="3.004"/>
  <testcase classname="runners.TestRunner" name="runScenario" time="8.246"/>
  <testcase classname="runners.TestRunner" name="runScenario" time="7.000"/>
  <testcase classname="runners.TestRunner" name="runScenario" time="4.153"/>
  <testcase classname="runners.TestRunner" name="runScenario" time="6.244"/>
</testsuite> <!-- runners.TestRunner -->
